CRITICAL - 2023-02-20 10:17:41 --> Attempt to read property "reg_no" on array
in APPPATH\Views\pharmacy\pharmacies.php on line 57.
 1 APPPATH\Views\pharmacy\pharmacies.php(57): CodeIgniter\Debug\Exceptions->errorHandler(2, 'Attempt to read property "reg_no" on array', 'APPPATH\\Views\\pharmacy\\pharmacies.php', 57)
 2 SYSTEMPATH\View\View.php(213): include('APPPATH\\Views\\pharmacy\\pharmacies.php')
 3 SYSTEMPATH\View\View.php(216): CodeIgniter\View\View->CodeIgniter\View\{closure}()
 4 SYSTEMPATH\Common.php(1177): CodeIgniter\View\View->render('pharmacy/pharmacies.php', [], true)
 5 APPPATH\Controllers\Pharmacies.php(14): view('pharmacy/pharmacies.php', [...])
 6 SYSTEMPATH\CodeIgniter.php(934): App\Controllers\Pharmacies->index()
 7 SYSTEMPATH\CodeIgniter.php(499): CodeIgniter\CodeIgniter->runController(Object(App\Controllers\Pharmacies))
 8 SYSTEMPATH\CodeIgniter.php(368): CodeIgniter\CodeIgniter->handleRequest(null, Object(Config\Cache), false)
 9 FCPATH\index.php(67): CodeIgniter\CodeIgniter->run()
CRITICAL - 2023-02-20 10:27:22 --> Undefined variable $PharmacyList
in APPPATH\Views\pharmacy\pharmacies.php on line 39.
 1 APPPATH\Views\pharmacy\pharmacies.php(39): CodeIgniter\Debug\Exceptions->errorHandler(2, 'Undefined variable $PharmacyList', 'APPPATH\\Views\\pharmacy\\pharmacies.php', 39)
 2 SYSTEMPATH\View\View.php(213): include('APPPATH\\Views\\pharmacy\\pharmacies.php')
 3 SYSTEMPATH\View\View.php(216): CodeIgniter\View\View->CodeIgniter\View\{closure}()
 4 SYSTEMPATH\Common.php(1177): CodeIgniter\View\View->render('pharmacy/pharmacies.php', [], true)
 5 APPPATH\Controllers\Pharmacies.php(15): view('pharmacy/pharmacies.php', [...])
 6 SYSTEMPATH\CodeIgniter.php(934): App\Controllers\Pharmacies->index()
 7 SYSTEMPATH\CodeIgniter.php(499): CodeIgniter\CodeIgniter->runController(Object(App\Controllers\Pharmacies))
 8 SYSTEMPATH\CodeIgniter.php(368): CodeIgniter\CodeIgniter->handleRequest(null, Object(Config\Cache), false)
 9 FCPATH\index.php(67): CodeIgniter\CodeIgniter->run()
CRITICAL - 2023-02-20 10:55:15 --> Undefined variable $count
in APPPATH\Views\user\users.php on line 50.
 1 APPPATH\Views\user\users.php(50): CodeIgniter\Debug\Exceptions->errorHandler(2, 'Undefined variable $count', 'APPPATH\\Views\\user\\users.php', 50)
 2 SYSTEMPATH\View\View.php(213): include('APPPATH\\Views\\user\\users.php')
 3 SYSTEMPATH\View\View.php(216): CodeIgniter\View\View->CodeIgniter\View\{closure}()
 4 SYSTEMPATH\Common.php(1177): CodeIgniter\View\View->render('user/users.php', [], true)
 5 APPPATH\Controllers\Users.php(10): view('user/users.php')
 6 SYSTEMPATH\CodeIgniter.php(934): App\Controllers\Users->index()
 7 SYSTEMPATH\CodeIgniter.php(499): CodeIgniter\CodeIgniter->runController(Object(App\Controllers\Users))
 8 SYSTEMPATH\CodeIgniter.php(368): CodeIgniter\CodeIgniter->handleRequest(null, Object(Config\Cache), false)
 9 FCPATH\index.php(67): CodeIgniter\CodeIgniter->run()
CRITICAL - 2023-02-20 11:00:57 --> syntax error, unexpected end of file
in APPPATH\Views\user\users.php on line 190.
 1 SYSTEMPATH\View\View.php(216): CodeIgniter\View\View->CodeIgniter\View\{closure}()
 2 SYSTEMPATH\Common.php(1177): CodeIgniter\View\View->render('user/users.php', [], true)
 3 APPPATH\Controllers\Users.php(10): view('user/users.php')
 4 SYSTEMPATH\CodeIgniter.php(934): App\Controllers\Users->index()
 5 SYSTEMPATH\CodeIgniter.php(499): CodeIgniter\CodeIgniter->runController(Object(App\Controllers\Users))
 6 SYSTEMPATH\CodeIgniter.php(368): CodeIgniter\CodeIgniter->handleRequest(null, Object(Config\Cache), false)
 7 FCPATH\index.php(67): CodeIgniter\CodeIgniter->run()
CRITICAL - 2023-02-20 11:01:07 --> syntax error, unexpected end of file
in APPPATH\Views\user\users.php on line 190.
 1 SYSTEMPATH\View\View.php(216): CodeIgniter\View\View->CodeIgniter\View\{closure}()
 2 SYSTEMPATH\Common.php(1177): CodeIgniter\View\View->render('user/users.php', [], true)
 3 APPPATH\Controllers\Users.php(10): view('user/users.php')
 4 SYSTEMPATH\CodeIgniter.php(934): App\Controllers\Users->index()
 5 SYSTEMPATH\CodeIgniter.php(499): CodeIgniter\CodeIgniter->runController(Object(App\Controllers\Users))
 6 SYSTEMPATH\CodeIgniter.php(368): CodeIgniter\CodeIgniter->handleRequest(null, Object(Config\Cache), false)
 7 FCPATH\index.php(67): CodeIgniter\CodeIgniter->run()
CRITICAL - 2023-02-20 11:01:29 --> Undefined variable $users
in APPPATH\Views\user\users.php on line 43.
 1 APPPATH\Views\user\users.php(43): CodeIgniter\Debug\Exceptions->errorHandler(2, 'Undefined variable $users', 'APPPATH\\Views\\user\\users.php', 43)
 2 SYSTEMPATH\View\View.php(213): include('APPPATH\\Views\\user\\users.php')
 3 SYSTEMPATH\View\View.php(216): CodeIgniter\View\View->CodeIgniter\View\{closure}()
 4 SYSTEMPATH\Common.php(1177): CodeIgniter\View\View->render('user/users.php', [], true)
 5 APPPATH\Controllers\Users.php(10): view('user/users.php')
 6 SYSTEMPATH\CodeIgniter.php(934): App\Controllers\Users->index()
 7 SYSTEMPATH\CodeIgniter.php(499): CodeIgniter\CodeIgniter->runController(Object(App\Controllers\Users))
 8 SYSTEMPATH\CodeIgniter.php(368): CodeIgniter\CodeIgniter->handleRequest(null, Object(Config\Cache), false)
 9 FCPATH\index.php(67): CodeIgniter\CodeIgniter->run()
CRITICAL - 2023-02-20 11:01:31 --> Undefined variable $users
in APPPATH\Views\user\users.php on line 43.
 1 APPPATH\Views\user\users.php(43): CodeIgniter\Debug\Exceptions->errorHandler(2, 'Undefined variable $users', 'APPPATH\\Views\\user\\users.php', 43)
 2 SYSTEMPATH\View\View.php(213): include('APPPATH\\Views\\user\\users.php')
 3 SYSTEMPATH\View\View.php(216): CodeIgniter\View\View->CodeIgniter\View\{closure}()
 4 SYSTEMPATH\Common.php(1177): CodeIgniter\View\View->render('user/users.php', [], true)
 5 APPPATH\Controllers\Users.php(10): view('user/users.php')
 6 SYSTEMPATH\CodeIgniter.php(934): App\Controllers\Users->index()
 7 SYSTEMPATH\CodeIgniter.php(499): CodeIgniter\CodeIgniter->runController(Object(App\Controllers\Users))
 8 SYSTEMPATH\CodeIgniter.php(368): CodeIgniter\CodeIgniter->handleRequest(null, Object(Config\Cache), false)
 9 FCPATH\index.php(67): CodeIgniter\CodeIgniter->run()
CRITICAL - 2023-02-20 11:03:37 --> Constant expression contains invalid operations
in APPPATH\Models\UserModel.php on line 8.
 1 [internal function]: CodeIgniter\Debug\Exceptions->shutdownHandler()
CRITICAL - 2023-02-20 11:06:42 --> Constant expression contains invalid operations
in APPPATH\Models\UserModel.php on line 8.
 1 [internal function]: CodeIgniter\Debug\Exceptions->shutdownHandler()
CRITICAL - 2023-02-20 11:08:32 --> Constant expression contains invalid operations
in APPPATH\Models\UserModel.php on line 8.
 1 [internal function]: CodeIgniter\Debug\Exceptions->shutdownHandler()
