ERROR - 2023-02-21 03:03:38 --> mysqli_sql_exception: Table 'pms_db.users' doesn't exist in D:\xampp\htdocs\project\PMS\system\Database\MySQLi\Connection.php:295
Stack trace:
#0 D:\xampp\htdocs\project\PMS\system\Database\MySQLi\Connection.php(295): mysqli->query('SELECT *\nFROM `...', 0)
#1 D:\xampp\htdocs\project\PMS\system\Database\BaseConnection.php(691): CodeIgniter\Database\MySQLi\Connection->execute('SELECT *\nFROM `...')
#2 D:\xampp\htdocs\project\PMS\system\Database\BaseConnection.php(605): CodeIgniter\Database\BaseConnection->simpleQuery('SELECT *\nFROM `...')
#3 D:\xampp\htdocs\project\PMS\system\Database\BaseBuilder.php(1602): CodeIgniter\Database\BaseConnection->query('SELECT *\nFROM `...', Array, false)
#4 D:\xampp\htdocs\project\PMS\system\Model.php(240): CodeIgniter\Database\BaseBuilder->get()
#5 D:\xampp\htdocs\project\PMS\system\BaseModel.php(618): CodeIgniter\Model->doFindAll(0, 0)
#6 D:\xampp\htdocs\project\PMS\app\Controllers\Users.php(11): CodeIgniter\BaseModel->findAll()
#7 D:\xampp\htdocs\project\PMS\system\CodeIgniter.php(934): App\Controllers\Users->index()
#8 D:\xampp\htdocs\project\PMS\system\CodeIgniter.php(499): CodeIgniter\CodeIgniter->runController(Object(App\Controllers\Users))
#9 D:\xampp\htdocs\project\PMS\system\CodeIgniter.php(368): CodeIgniter\CodeIgniter->handleRequest(NULL, Object(Config\Cache), false)
#10 D:\xampp\htdocs\project\PMS\index.php(67): CodeIgniter\CodeIgniter->run()
#11 {main}
CRITICAL - 2023-02-21 03:03:38 --> Table 'pms_db.users' doesn't exist
in SYSTEMPATH\Database\BaseConnection.php on line 645.
 1 SYSTEMPATH\Database\BaseBuilder.php(1602): CodeIgniter\Database\BaseConnection->query('SELECT *
FROM `users`
ORDER BY `user_id` ASC', [], false)
 2 SYSTEMPATH\Model.php(240): CodeIgniter\Database\BaseBuilder->get()
 3 SYSTEMPATH\BaseModel.php(618): CodeIgniter\Model->doFindAll(0, 0)
 4 APPPATH\Controllers\Users.php(11): CodeIgniter\BaseModel->findAll()
 5 SYSTEMPATH\CodeIgniter.php(934): App\Controllers\Users->index()
 6 SYSTEMPATH\CodeIgniter.php(499): CodeIgniter\CodeIgniter->runController(Object(App\Controllers\Users))
 7 SYSTEMPATH\CodeIgniter.php(368): CodeIgniter\CodeIgniter->handleRequest(null, Object(Config\Cache), false)
 8 FCPATH\index.php(67): CodeIgniter\CodeIgniter->run()
ERROR - 2023-02-21 03:05:44 --> mysqli_sql_exception: Table 'pms_db.users' doesn't exist in D:\xampp\htdocs\project\PMS\system\Database\MySQLi\Connection.php:295
Stack trace:
#0 D:\xampp\htdocs\project\PMS\system\Database\MySQLi\Connection.php(295): mysqli->query('SELECT *\nFROM `...', 0)
#1 D:\xampp\htdocs\project\PMS\system\Database\BaseConnection.php(691): CodeIgniter\Database\MySQLi\Connection->execute('SELECT *\nFROM `...')
#2 D:\xampp\htdocs\project\PMS\system\Database\BaseConnection.php(605): CodeIgniter\Database\BaseConnection->simpleQuery('SELECT *\nFROM `...')
#3 D:\xampp\htdocs\project\PMS\system\Database\BaseBuilder.php(1602): CodeIgniter\Database\BaseConnection->query('SELECT *\nFROM `...', Array, false)
#4 D:\xampp\htdocs\project\PMS\system\Model.php(240): CodeIgniter\Database\BaseBuilder->get()
#5 D:\xampp\htdocs\project\PMS\system\BaseModel.php(618): CodeIgniter\Model->doFindAll(0, 0)
#6 D:\xampp\htdocs\project\PMS\app\Controllers\Users.php(11): CodeIgniter\BaseModel->findAll()
#7 D:\xampp\htdocs\project\PMS\system\CodeIgniter.php(934): App\Controllers\Users->index()
#8 D:\xampp\htdocs\project\PMS\system\CodeIgniter.php(499): CodeIgniter\CodeIgniter->runController(Object(App\Controllers\Users))
#9 D:\xampp\htdocs\project\PMS\system\CodeIgniter.php(368): CodeIgniter\CodeIgniter->handleRequest(NULL, Object(Config\Cache), false)
#10 D:\xampp\htdocs\project\PMS\index.php(67): CodeIgniter\CodeIgniter->run()
#11 {main}
CRITICAL - 2023-02-21 03:05:44 --> Table 'pms_db.users' doesn't exist
in SYSTEMPATH\Database\BaseConnection.php on line 645.
 1 SYSTEMPATH\Database\BaseBuilder.php(1602): CodeIgniter\Database\BaseConnection->query('SELECT *
FROM `users`
ORDER BY `user_id` ASC', [], false)
 2 SYSTEMPATH\Model.php(240): CodeIgniter\Database\BaseBuilder->get()
 3 SYSTEMPATH\BaseModel.php(618): CodeIgniter\Model->doFindAll(0, 0)
 4 APPPATH\Controllers\Users.php(11): CodeIgniter\BaseModel->findAll()
 5 SYSTEMPATH\CodeIgniter.php(934): App\Controllers\Users->index()
 6 SYSTEMPATH\CodeIgniter.php(499): CodeIgniter\CodeIgniter->runController(Object(App\Controllers\Users))
 7 SYSTEMPATH\CodeIgniter.php(368): CodeIgniter\CodeIgniter->handleRequest(null, Object(Config\Cache), false)
 8 FCPATH\index.php(67): CodeIgniter\CodeIgniter->run()
ERROR - 2023-02-21 03:08:09 --> mysqli_sql_exception: Table 'pms_db.users' doesn't exist in D:\xampp\htdocs\project\PMS\system\Database\MySQLi\Connection.php:295
Stack trace:
#0 D:\xampp\htdocs\project\PMS\system\Database\MySQLi\Connection.php(295): mysqli->query('SELECT *\nFROM `...', 0)
#1 D:\xampp\htdocs\project\PMS\system\Database\BaseConnection.php(691): CodeIgniter\Database\MySQLi\Connection->execute('SELECT *\nFROM `...')
#2 D:\xampp\htdocs\project\PMS\system\Database\BaseConnection.php(605): CodeIgniter\Database\BaseConnection->simpleQuery('SELECT *\nFROM `...')
#3 D:\xampp\htdocs\project\PMS\system\Database\BaseBuilder.php(1602): CodeIgniter\Database\BaseConnection->query('SELECT *\nFROM `...', Array, false)
#4 D:\xampp\htdocs\project\PMS\system\Model.php(240): CodeIgniter\Database\BaseBuilder->get()
#5 D:\xampp\htdocs\project\PMS\system\BaseModel.php(618): CodeIgniter\Model->doFindAll(0, 0)
#6 D:\xampp\htdocs\project\PMS\app\Controllers\Users.php(11): CodeIgniter\BaseModel->findAll()
#7 D:\xampp\htdocs\project\PMS\system\CodeIgniter.php(934): App\Controllers\Users->index()
#8 D:\xampp\htdocs\project\PMS\system\CodeIgniter.php(499): CodeIgniter\CodeIgniter->runController(Object(App\Controllers\Users))
#9 D:\xampp\htdocs\project\PMS\system\CodeIgniter.php(368): CodeIgniter\CodeIgniter->handleRequest(NULL, Object(Config\Cache), false)
#10 D:\xampp\htdocs\project\PMS\index.php(67): CodeIgniter\CodeIgniter->run()
#11 {main}
CRITICAL - 2023-02-21 03:08:09 --> Table 'pms_db.users' doesn't exist
in SYSTEMPATH\Database\BaseConnection.php on line 645.
 1 SYSTEMPATH\Database\BaseBuilder.php(1602): CodeIgniter\Database\BaseConnection->query('SELECT *
FROM `users`
ORDER BY `user_id` ASC', [], false)
 2 SYSTEMPATH\Model.php(240): CodeIgniter\Database\BaseBuilder->get()
 3 SYSTEMPATH\BaseModel.php(618): CodeIgniter\Model->doFindAll(0, 0)
 4 APPPATH\Controllers\Users.php(11): CodeIgniter\BaseModel->findAll()
 5 SYSTEMPATH\CodeIgniter.php(934): App\Controllers\Users->index()
 6 SYSTEMPATH\CodeIgniter.php(499): CodeIgniter\CodeIgniter->runController(Object(App\Controllers\Users))
 7 SYSTEMPATH\CodeIgniter.php(368): CodeIgniter\CodeIgniter->handleRequest(null, Object(Config\Cache), false)
 8 FCPATH\index.php(67): CodeIgniter\CodeIgniter->run()
ERROR - 2023-02-21 03:10:28 --> mysqli_sql_exception: Table 'pms_db.users' doesn't exist in D:\xampp\htdocs\project\PMS\system\Database\MySQLi\Connection.php:295
Stack trace:
#0 D:\xampp\htdocs\project\PMS\system\Database\MySQLi\Connection.php(295): mysqli->query('SELECT *\nFROM `...', 0)
#1 D:\xampp\htdocs\project\PMS\system\Database\BaseConnection.php(691): CodeIgniter\Database\MySQLi\Connection->execute('SELECT *\nFROM `...')
#2 D:\xampp\htdocs\project\PMS\system\Database\BaseConnection.php(605): CodeIgniter\Database\BaseConnection->simpleQuery('SELECT *\nFROM `...')
#3 D:\xampp\htdocs\project\PMS\system\Database\BaseBuilder.php(1602): CodeIgniter\Database\BaseConnection->query('SELECT *\nFROM `...', Array, false)
#4 D:\xampp\htdocs\project\PMS\system\Model.php(240): CodeIgniter\Database\BaseBuilder->get()
#5 D:\xampp\htdocs\project\PMS\system\BaseModel.php(618): CodeIgniter\Model->doFindAll(0, 0)
#6 D:\xampp\htdocs\project\PMS\app\Controllers\Users.php(11): CodeIgniter\BaseModel->findAll()
#7 D:\xampp\htdocs\project\PMS\system\CodeIgniter.php(934): App\Controllers\Users->index()
#8 D:\xampp\htdocs\project\PMS\system\CodeIgniter.php(499): CodeIgniter\CodeIgniter->runController(Object(App\Controllers\Users))
#9 D:\xampp\htdocs\project\PMS\system\CodeIgniter.php(368): CodeIgniter\CodeIgniter->handleRequest(NULL, Object(Config\Cache), false)
#10 D:\xampp\htdocs\project\PMS\index.php(67): CodeIgniter\CodeIgniter->run()
#11 {main}
CRITICAL - 2023-02-21 03:10:28 --> Table 'pms_db.users' doesn't exist
in SYSTEMPATH\Database\BaseConnection.php on line 645.
 1 SYSTEMPATH\Database\BaseBuilder.php(1602): CodeIgniter\Database\BaseConnection->query('SELECT *
FROM `users`
ORDER BY `user_id` ASC', [], false)
 2 SYSTEMPATH\Model.php(240): CodeIgniter\Database\BaseBuilder->get()
 3 SYSTEMPATH\BaseModel.php(618): CodeIgniter\Model->doFindAll(0, 0)
 4 APPPATH\Controllers\Users.php(11): CodeIgniter\BaseModel->findAll()
 5 SYSTEMPATH\CodeIgniter.php(934): App\Controllers\Users->index()
 6 SYSTEMPATH\CodeIgniter.php(499): CodeIgniter\CodeIgniter->runController(Object(App\Controllers\Users))
 7 SYSTEMPATH\CodeIgniter.php(368): CodeIgniter\CodeIgniter->handleRequest(null, Object(Config\Cache), false)
 8 FCPATH\index.php(67): CodeIgniter\CodeIgniter->run()
ERROR - 2023-02-21 03:13:37 --> mysqli_sql_exception: Table 'pms_db.users' doesn't exist in D:\xampp\htdocs\project\PMS\system\Database\MySQLi\Connection.php:295
Stack trace:
#0 D:\xampp\htdocs\project\PMS\system\Database\MySQLi\Connection.php(295): mysqli->query('SELECT *\nFROM `...', 0)
#1 D:\xampp\htdocs\project\PMS\system\Database\BaseConnection.php(691): CodeIgniter\Database\MySQLi\Connection->execute('SELECT *\nFROM `...')
#2 D:\xampp\htdocs\project\PMS\system\Database\BaseConnection.php(605): CodeIgniter\Database\BaseConnection->simpleQuery('SELECT *\nFROM `...')
#3 D:\xampp\htdocs\project\PMS\system\Database\BaseBuilder.php(1602): CodeIgniter\Database\BaseConnection->query('SELECT *\nFROM `...', Array, false)
#4 D:\xampp\htdocs\project\PMS\system\Model.php(240): CodeIgniter\Database\BaseBuilder->get()
#5 D:\xampp\htdocs\project\PMS\system\BaseModel.php(618): CodeIgniter\Model->doFindAll(0, 0)
#6 D:\xampp\htdocs\project\PMS\app\Controllers\Users.php(11): CodeIgniter\BaseModel->findAll()
#7 D:\xampp\htdocs\project\PMS\system\CodeIgniter.php(934): App\Controllers\Users->index()
#8 D:\xampp\htdocs\project\PMS\system\CodeIgniter.php(499): CodeIgniter\CodeIgniter->runController(Object(App\Controllers\Users))
#9 D:\xampp\htdocs\project\PMS\system\CodeIgniter.php(368): CodeIgniter\CodeIgniter->handleRequest(NULL, Object(Config\Cache), false)
#10 D:\xampp\htdocs\project\PMS\index.php(67): CodeIgniter\CodeIgniter->run()
#11 {main}
CRITICAL - 2023-02-21 03:13:37 --> Table 'pms_db.users' doesn't exist
in SYSTEMPATH\Database\BaseConnection.php on line 645.
 1 SYSTEMPATH\Database\BaseBuilder.php(1602): CodeIgniter\Database\BaseConnection->query('SELECT *
FROM `users`
ORDER BY `user_id` ASC', [], false)
 2 SYSTEMPATH\Model.php(240): CodeIgniter\Database\BaseBuilder->get()
 3 SYSTEMPATH\BaseModel.php(618): CodeIgniter\Model->doFindAll(0, 0)
 4 APPPATH\Controllers\Users.php(11): CodeIgniter\BaseModel->findAll()
 5 SYSTEMPATH\CodeIgniter.php(934): App\Controllers\Users->index()
 6 SYSTEMPATH\CodeIgniter.php(499): CodeIgniter\CodeIgniter->runController(Object(App\Controllers\Users))
 7 SYSTEMPATH\CodeIgniter.php(368): CodeIgniter\CodeIgniter->handleRequest(null, Object(Config\Cache), false)
 8 FCPATH\index.php(67): CodeIgniter\CodeIgniter->run()
ERROR - 2023-02-21 03:14:49 --> mysqli_sql_exception: Table 'pms_db.users' doesn't exist in D:\xampp\htdocs\project\PMS\system\Database\MySQLi\Connection.php:295
Stack trace:
#0 D:\xampp\htdocs\project\PMS\system\Database\MySQLi\Connection.php(295): mysqli->query('SELECT *\nFROM `...', 0)
#1 D:\xampp\htdocs\project\PMS\system\Database\BaseConnection.php(691): CodeIgniter\Database\MySQLi\Connection->execute('SELECT *\nFROM `...')
#2 D:\xampp\htdocs\project\PMS\system\Database\BaseConnection.php(605): CodeIgniter\Database\BaseConnection->simpleQuery('SELECT *\nFROM `...')
#3 D:\xampp\htdocs\project\PMS\system\Database\BaseBuilder.php(1602): CodeIgniter\Database\BaseConnection->query('SELECT *\nFROM `...', Array, false)
#4 D:\xampp\htdocs\project\PMS\system\Model.php(240): CodeIgniter\Database\BaseBuilder->get()
#5 D:\xampp\htdocs\project\PMS\system\BaseModel.php(618): CodeIgniter\Model->doFindAll(0, 0)
#6 D:\xampp\htdocs\project\PMS\app\Controllers\Users.php(11): CodeIgniter\BaseModel->findAll()
#7 D:\xampp\htdocs\project\PMS\system\CodeIgniter.php(934): App\Controllers\Users->index()
#8 D:\xampp\htdocs\project\PMS\system\CodeIgniter.php(499): CodeIgniter\CodeIgniter->runController(Object(App\Controllers\Users))
#9 D:\xampp\htdocs\project\PMS\system\CodeIgniter.php(368): CodeIgniter\CodeIgniter->handleRequest(NULL, Object(Config\Cache), false)
#10 D:\xampp\htdocs\project\PMS\index.php(67): CodeIgniter\CodeIgniter->run()
#11 {main}
CRITICAL - 2023-02-21 03:14:49 --> Table 'pms_db.users' doesn't exist
in SYSTEMPATH\Database\BaseConnection.php on line 645.
 1 SYSTEMPATH\Database\BaseBuilder.php(1602): CodeIgniter\Database\BaseConnection->query('SELECT *
FROM `users`
ORDER BY `user_id` ASC', [], false)
 2 SYSTEMPATH\Model.php(240): CodeIgniter\Database\BaseBuilder->get()
 3 SYSTEMPATH\BaseModel.php(618): CodeIgniter\Model->doFindAll(0, 0)
 4 APPPATH\Controllers\Users.php(11): CodeIgniter\BaseModel->findAll()
 5 SYSTEMPATH\CodeIgniter.php(934): App\Controllers\Users->index()
 6 SYSTEMPATH\CodeIgniter.php(499): CodeIgniter\CodeIgniter->runController(Object(App\Controllers\Users))
 7 SYSTEMPATH\CodeIgniter.php(368): CodeIgniter\CodeIgniter->handleRequest(null, Object(Config\Cache), false)
 8 FCPATH\index.php(67): CodeIgniter\CodeIgniter->run()
ERROR - 2023-02-21 03:15:19 --> mysqli_sql_exception: Table 'pms_db.users' doesn't exist in D:\xampp\htdocs\project\PMS\system\Database\MySQLi\Connection.php:295
Stack trace:
#0 D:\xampp\htdocs\project\PMS\system\Database\MySQLi\Connection.php(295): mysqli->query('SELECT *\nFROM `...', 0)
#1 D:\xampp\htdocs\project\PMS\system\Database\BaseConnection.php(691): CodeIgniter\Database\MySQLi\Connection->execute('SELECT *\nFROM `...')
#2 D:\xampp\htdocs\project\PMS\system\Database\BaseConnection.php(605): CodeIgniter\Database\BaseConnection->simpleQuery('SELECT *\nFROM `...')
#3 D:\xampp\htdocs\project\PMS\system\Database\BaseBuilder.php(1602): CodeIgniter\Database\BaseConnection->query('SELECT *\nFROM `...', Array, false)
#4 D:\xampp\htdocs\project\PMS\system\Model.php(240): CodeIgniter\Database\BaseBuilder->get()
#5 D:\xampp\htdocs\project\PMS\system\BaseModel.php(618): CodeIgniter\Model->doFindAll(0, 0)
#6 D:\xampp\htdocs\project\PMS\app\Controllers\Users.php(11): CodeIgniter\BaseModel->findAll()
#7 D:\xampp\htdocs\project\PMS\system\CodeIgniter.php(934): App\Controllers\Users->index()
#8 D:\xampp\htdocs\project\PMS\system\CodeIgniter.php(499): CodeIgniter\CodeIgniter->runController(Object(App\Controllers\Users))
#9 D:\xampp\htdocs\project\PMS\system\CodeIgniter.php(368): CodeIgniter\CodeIgniter->handleRequest(NULL, Object(Config\Cache), false)
#10 D:\xampp\htdocs\project\PMS\index.php(67): CodeIgniter\CodeIgniter->run()
#11 {main}
CRITICAL - 2023-02-21 03:15:19 --> Table 'pms_db.users' doesn't exist
in SYSTEMPATH\Database\BaseConnection.php on line 645.
 1 SYSTEMPATH\Database\BaseBuilder.php(1602): CodeIgniter\Database\BaseConnection->query('SELECT *
FROM `users`
ORDER BY `user_id` ASC', [], false)
 2 SYSTEMPATH\Model.php(240): CodeIgniter\Database\BaseBuilder->get()
 3 SYSTEMPATH\BaseModel.php(618): CodeIgniter\Model->doFindAll(0, 0)
 4 APPPATH\Controllers\Users.php(11): CodeIgniter\BaseModel->findAll()
 5 SYSTEMPATH\CodeIgniter.php(934): App\Controllers\Users->index()
 6 SYSTEMPATH\CodeIgniter.php(499): CodeIgniter\CodeIgniter->runController(Object(App\Controllers\Users))
 7 SYSTEMPATH\CodeIgniter.php(368): CodeIgniter\CodeIgniter->handleRequest(null, Object(Config\Cache), false)
 8 FCPATH\index.php(67): CodeIgniter\CodeIgniter->run()
ERROR - 2023-02-21 03:18:16 --> mysqli_sql_exception: Table 'pms_db.users' doesn't exist in D:\xampp\htdocs\project\PMS\system\Database\MySQLi\Connection.php:295
Stack trace:
#0 D:\xampp\htdocs\project\PMS\system\Database\MySQLi\Connection.php(295): mysqli->query('SELECT *\nFROM `...', 0)
#1 D:\xampp\htdocs\project\PMS\system\Database\BaseConnection.php(691): CodeIgniter\Database\MySQLi\Connection->execute('SELECT *\nFROM `...')
#2 D:\xampp\htdocs\project\PMS\system\Database\BaseConnection.php(605): CodeIgniter\Database\BaseConnection->simpleQuery('SELECT *\nFROM `...')
#3 D:\xampp\htdocs\project\PMS\system\Database\BaseBuilder.php(1602): CodeIgniter\Database\BaseConnection->query('SELECT *\nFROM `...', Array, false)
#4 D:\xampp\htdocs\project\PMS\system\Model.php(240): CodeIgniter\Database\BaseBuilder->get()
#5 D:\xampp\htdocs\project\PMS\system\BaseModel.php(618): CodeIgniter\Model->doFindAll(0, 0)
#6 D:\xampp\htdocs\project\PMS\app\Controllers\Users.php(11): CodeIgniter\BaseModel->findAll()
#7 D:\xampp\htdocs\project\PMS\system\CodeIgniter.php(934): App\Controllers\Users->index()
#8 D:\xampp\htdocs\project\PMS\system\CodeIgniter.php(499): CodeIgniter\CodeIgniter->runController(Object(App\Controllers\Users))
#9 D:\xampp\htdocs\project\PMS\system\CodeIgniter.php(368): CodeIgniter\CodeIgniter->handleRequest(NULL, Object(Config\Cache), false)
#10 D:\xampp\htdocs\project\PMS\index.php(67): CodeIgniter\CodeIgniter->run()
#11 {main}
CRITICAL - 2023-02-21 03:18:16 --> Table 'pms_db.users' doesn't exist
in SYSTEMPATH\Database\BaseConnection.php on line 645.
 1 SYSTEMPATH\Database\BaseBuilder.php(1602): CodeIgniter\Database\BaseConnection->query('SELECT *
FROM `users`
ORDER BY `user_id` ASC', [], false)
 2 SYSTEMPATH\Model.php(240): CodeIgniter\Database\BaseBuilder->get()
 3 SYSTEMPATH\BaseModel.php(618): CodeIgniter\Model->doFindAll(0, 0)
 4 APPPATH\Controllers\Users.php(11): CodeIgniter\BaseModel->findAll()
 5 SYSTEMPATH\CodeIgniter.php(934): App\Controllers\Users->index()
 6 SYSTEMPATH\CodeIgniter.php(499): CodeIgniter\CodeIgniter->runController(Object(App\Controllers\Users))
 7 SYSTEMPATH\CodeIgniter.php(368): CodeIgniter\CodeIgniter->handleRequest(null, Object(Config\Cache), false)
 8 FCPATH\index.php(67): CodeIgniter\CodeIgniter->run()
ERROR - 2023-02-21 03:18:25 --> mysqli_sql_exception: Table 'pms_db.users' doesn't exist in D:\xampp\htdocs\project\PMS\system\Database\MySQLi\Connection.php:295
Stack trace:
#0 D:\xampp\htdocs\project\PMS\system\Database\MySQLi\Connection.php(295): mysqli->query('SELECT *\nFROM `...', 0)
#1 D:\xampp\htdocs\project\PMS\system\Database\BaseConnection.php(691): CodeIgniter\Database\MySQLi\Connection->execute('SELECT *\nFROM `...')
#2 D:\xampp\htdocs\project\PMS\system\Database\BaseConnection.php(605): CodeIgniter\Database\BaseConnection->simpleQuery('SELECT *\nFROM `...')
#3 D:\xampp\htdocs\project\PMS\system\Database\BaseBuilder.php(1602): CodeIgniter\Database\BaseConnection->query('SELECT *\nFROM `...', Array, false)
#4 D:\xampp\htdocs\project\PMS\system\Model.php(240): CodeIgniter\Database\BaseBuilder->get()
#5 D:\xampp\htdocs\project\PMS\system\BaseModel.php(618): CodeIgniter\Model->doFindAll(0, 0)
#6 D:\xampp\htdocs\project\PMS\app\Controllers\Users.php(11): CodeIgniter\BaseModel->findAll()
#7 D:\xampp\htdocs\project\PMS\system\CodeIgniter.php(934): App\Controllers\Users->index()
#8 D:\xampp\htdocs\project\PMS\system\CodeIgniter.php(499): CodeIgniter\CodeIgniter->runController(Object(App\Controllers\Users))
#9 D:\xampp\htdocs\project\PMS\system\CodeIgniter.php(368): CodeIgniter\CodeIgniter->handleRequest(NULL, Object(Config\Cache), false)
#10 D:\xampp\htdocs\project\PMS\index.php(67): CodeIgniter\CodeIgniter->run()
#11 {main}
CRITICAL - 2023-02-21 03:18:25 --> Table 'pms_db.users' doesn't exist
in SYSTEMPATH\Database\BaseConnection.php on line 645.
 1 SYSTEMPATH\Database\BaseBuilder.php(1602): CodeIgniter\Database\BaseConnection->query('SELECT *
FROM `users`
ORDER BY `user_id` ASC', [], false)
 2 SYSTEMPATH\Model.php(240): CodeIgniter\Database\BaseBuilder->get()
 3 SYSTEMPATH\BaseModel.php(618): CodeIgniter\Model->doFindAll(0, 0)
 4 APPPATH\Controllers\Users.php(11): CodeIgniter\BaseModel->findAll()
 5 SYSTEMPATH\CodeIgniter.php(934): App\Controllers\Users->index()
 6 SYSTEMPATH\CodeIgniter.php(499): CodeIgniter\CodeIgniter->runController(Object(App\Controllers\Users))
 7 SYSTEMPATH\CodeIgniter.php(368): CodeIgniter\CodeIgniter->handleRequest(null, Object(Config\Cache), false)
 8 FCPATH\index.php(67): CodeIgniter\CodeIgniter->run()
ERROR - 2023-02-21 03:28:09 --> mysqli_sql_exception: Table 'pms_db.users' doesn't exist in D:\xampp\htdocs\project\PMS\system\Database\MySQLi\Connection.php:295
Stack trace:
#0 D:\xampp\htdocs\project\PMS\system\Database\MySQLi\Connection.php(295): mysqli->query('SELECT *\nFROM `...', 0)
#1 D:\xampp\htdocs\project\PMS\system\Database\BaseConnection.php(691): CodeIgniter\Database\MySQLi\Connection->execute('SELECT *\nFROM `...')
#2 D:\xampp\htdocs\project\PMS\system\Database\BaseConnection.php(605): CodeIgniter\Database\BaseConnection->simpleQuery('SELECT *\nFROM `...')
#3 D:\xampp\htdocs\project\PMS\system\Database\BaseBuilder.php(1602): CodeIgniter\Database\BaseConnection->query('SELECT *\nFROM `...', Array, false)
#4 D:\xampp\htdocs\project\PMS\system\Model.php(240): CodeIgniter\Database\BaseBuilder->get()
#5 D:\xampp\htdocs\project\PMS\system\BaseModel.php(618): CodeIgniter\Model->doFindAll(0, 0)
#6 D:\xampp\htdocs\project\PMS\app\Controllers\Users.php(11): CodeIgniter\BaseModel->findAll()
#7 D:\xampp\htdocs\project\PMS\system\CodeIgniter.php(934): App\Controllers\Users->index()
#8 D:\xampp\htdocs\project\PMS\system\CodeIgniter.php(499): CodeIgniter\CodeIgniter->runController(Object(App\Controllers\Users))
#9 D:\xampp\htdocs\project\PMS\system\CodeIgniter.php(368): CodeIgniter\CodeIgniter->handleRequest(NULL, Object(Config\Cache), false)
#10 D:\xampp\htdocs\project\PMS\index.php(67): CodeIgniter\CodeIgniter->run()
#11 {main}
CRITICAL - 2023-02-21 03:28:09 --> Table 'pms_db.users' doesn't exist
in SYSTEMPATH\Database\BaseConnection.php on line 645.
 1 SYSTEMPATH\Database\BaseBuilder.php(1602): CodeIgniter\Database\BaseConnection->query('SELECT *
FROM `users`
ORDER BY `user_id` ASC', [], false)
 2 SYSTEMPATH\Model.php(240): CodeIgniter\Database\BaseBuilder->get()
 3 SYSTEMPATH\BaseModel.php(618): CodeIgniter\Model->doFindAll(0, 0)
 4 APPPATH\Controllers\Users.php(11): CodeIgniter\BaseModel->findAll()
 5 SYSTEMPATH\CodeIgniter.php(934): App\Controllers\Users->index()
 6 SYSTEMPATH\CodeIgniter.php(499): CodeIgniter\CodeIgniter->runController(Object(App\Controllers\Users))
 7 SYSTEMPATH\CodeIgniter.php(368): CodeIgniter\CodeIgniter->handleRequest(null, Object(Config\Cache), false)
 8 FCPATH\index.php(67): CodeIgniter\CodeIgniter->run()
ERROR - 2023-02-21 03:28:14 --> mysqli_sql_exception: Table 'pms_db.users' doesn't exist in D:\xampp\htdocs\project\PMS\system\Database\MySQLi\Connection.php:295
Stack trace:
#0 D:\xampp\htdocs\project\PMS\system\Database\MySQLi\Connection.php(295): mysqli->query('SELECT *\nFROM `...', 0)
#1 D:\xampp\htdocs\project\PMS\system\Database\BaseConnection.php(691): CodeIgniter\Database\MySQLi\Connection->execute('SELECT *\nFROM `...')
#2 D:\xampp\htdocs\project\PMS\system\Database\BaseConnection.php(605): CodeIgniter\Database\BaseConnection->simpleQuery('SELECT *\nFROM `...')
#3 D:\xampp\htdocs\project\PMS\system\Database\BaseBuilder.php(1602): CodeIgniter\Database\BaseConnection->query('SELECT *\nFROM `...', Array, false)
#4 D:\xampp\htdocs\project\PMS\system\Model.php(240): CodeIgniter\Database\BaseBuilder->get()
#5 D:\xampp\htdocs\project\PMS\system\BaseModel.php(618): CodeIgniter\Model->doFindAll(0, 0)
#6 D:\xampp\htdocs\project\PMS\app\Controllers\Users.php(11): CodeIgniter\BaseModel->findAll()
#7 D:\xampp\htdocs\project\PMS\system\CodeIgniter.php(934): App\Controllers\Users->index()
#8 D:\xampp\htdocs\project\PMS\system\CodeIgniter.php(499): CodeIgniter\CodeIgniter->runController(Object(App\Controllers\Users))
#9 D:\xampp\htdocs\project\PMS\system\CodeIgniter.php(368): CodeIgniter\CodeIgniter->handleRequest(NULL, Object(Config\Cache), false)
#10 D:\xampp\htdocs\project\PMS\index.php(67): CodeIgniter\CodeIgniter->run()
#11 {main}
CRITICAL - 2023-02-21 03:28:14 --> Table 'pms_db.users' doesn't exist
in SYSTEMPATH\Database\BaseConnection.php on line 645.
 1 SYSTEMPATH\Database\BaseBuilder.php(1602): CodeIgniter\Database\BaseConnection->query('SELECT *
FROM `users`
ORDER BY `user_id` ASC', [], false)
 2 SYSTEMPATH\Model.php(240): CodeIgniter\Database\BaseBuilder->get()
 3 SYSTEMPATH\BaseModel.php(618): CodeIgniter\Model->doFindAll(0, 0)
 4 APPPATH\Controllers\Users.php(11): CodeIgniter\BaseModel->findAll()
 5 SYSTEMPATH\CodeIgniter.php(934): App\Controllers\Users->index()
 6 SYSTEMPATH\CodeIgniter.php(499): CodeIgniter\CodeIgniter->runController(Object(App\Controllers\Users))
 7 SYSTEMPATH\CodeIgniter.php(368): CodeIgniter\CodeIgniter->handleRequest(null, Object(Config\Cache), false)
 8 FCPATH\index.php(67): CodeIgniter\CodeIgniter->run()
ERROR - 2023-02-21 03:28:47 --> mysqli_sql_exception: Table 'pms_db.users' doesn't exist in D:\xampp\htdocs\project\PMS\system\Database\MySQLi\Connection.php:295
Stack trace:
#0 D:\xampp\htdocs\project\PMS\system\Database\MySQLi\Connection.php(295): mysqli->query('SELECT *\nFROM `...', 0)
#1 D:\xampp\htdocs\project\PMS\system\Database\BaseConnection.php(691): CodeIgniter\Database\MySQLi\Connection->execute('SELECT *\nFROM `...')
#2 D:\xampp\htdocs\project\PMS\system\Database\BaseConnection.php(605): CodeIgniter\Database\BaseConnection->simpleQuery('SELECT *\nFROM `...')
#3 D:\xampp\htdocs\project\PMS\system\Database\BaseBuilder.php(1602): CodeIgniter\Database\BaseConnection->query('SELECT *\nFROM `...', Array, false)
#4 D:\xampp\htdocs\project\PMS\system\Model.php(240): CodeIgniter\Database\BaseBuilder->get()
#5 D:\xampp\htdocs\project\PMS\system\BaseModel.php(618): CodeIgniter\Model->doFindAll(0, 0)
#6 D:\xampp\htdocs\project\PMS\app\Controllers\Users.php(11): CodeIgniter\BaseModel->findAll()
#7 D:\xampp\htdocs\project\PMS\system\CodeIgniter.php(934): App\Controllers\Users->index()
#8 D:\xampp\htdocs\project\PMS\system\CodeIgniter.php(499): CodeIgniter\CodeIgniter->runController(Object(App\Controllers\Users))
#9 D:\xampp\htdocs\project\PMS\system\CodeIgniter.php(368): CodeIgniter\CodeIgniter->handleRequest(NULL, Object(Config\Cache), false)
#10 D:\xampp\htdocs\project\PMS\index.php(67): CodeIgniter\CodeIgniter->run()
#11 {main}
CRITICAL - 2023-02-21 03:28:47 --> Table 'pms_db.users' doesn't exist
in SYSTEMPATH\Database\BaseConnection.php on line 645.
 1 SYSTEMPATH\Database\BaseBuilder.php(1602): CodeIgniter\Database\BaseConnection->query('SELECT *
FROM `users`
ORDER BY `user_id` ASC', [], false)
 2 SYSTEMPATH\Model.php(240): CodeIgniter\Database\BaseBuilder->get()
 3 SYSTEMPATH\BaseModel.php(618): CodeIgniter\Model->doFindAll(0, 0)
 4 APPPATH\Controllers\Users.php(11): CodeIgniter\BaseModel->findAll()
 5 SYSTEMPATH\CodeIgniter.php(934): App\Controllers\Users->index()
 6 SYSTEMPATH\CodeIgniter.php(499): CodeIgniter\CodeIgniter->runController(Object(App\Controllers\Users))
 7 SYSTEMPATH\CodeIgniter.php(368): CodeIgniter\CodeIgniter->handleRequest(null, Object(Config\Cache), false)
 8 FCPATH\index.php(67): CodeIgniter\CodeIgniter->run()
ERROR - 2023-02-21 03:28:59 --> mysqli_sql_exception: Table 'pms_db.users' doesn't exist in D:\xampp\htdocs\project\PMS\system\Database\MySQLi\Connection.php:295
Stack trace:
#0 D:\xampp\htdocs\project\PMS\system\Database\MySQLi\Connection.php(295): mysqli->query('SELECT *\nFROM `...', 0)
#1 D:\xampp\htdocs\project\PMS\system\Database\BaseConnection.php(691): CodeIgniter\Database\MySQLi\Connection->execute('SELECT *\nFROM `...')
#2 D:\xampp\htdocs\project\PMS\system\Database\BaseConnection.php(605): CodeIgniter\Database\BaseConnection->simpleQuery('SELECT *\nFROM `...')
#3 D:\xampp\htdocs\project\PMS\system\Database\BaseBuilder.php(1602): CodeIgniter\Database\BaseConnection->query('SELECT *\nFROM `...', Array, false)
#4 D:\xampp\htdocs\project\PMS\system\Model.php(240): CodeIgniter\Database\BaseBuilder->get()
#5 D:\xampp\htdocs\project\PMS\system\BaseModel.php(618): CodeIgniter\Model->doFindAll(0, 0)
#6 D:\xampp\htdocs\project\PMS\app\Controllers\Users.php(11): CodeIgniter\BaseModel->findAll()
#7 D:\xampp\htdocs\project\PMS\system\CodeIgniter.php(934): App\Controllers\Users->index()
#8 D:\xampp\htdocs\project\PMS\system\CodeIgniter.php(499): CodeIgniter\CodeIgniter->runController(Object(App\Controllers\Users))
#9 D:\xampp\htdocs\project\PMS\system\CodeIgniter.php(368): CodeIgniter\CodeIgniter->handleRequest(NULL, Object(Config\Cache), false)
#10 D:\xampp\htdocs\project\PMS\index.php(67): CodeIgniter\CodeIgniter->run()
#11 {main}
CRITICAL - 2023-02-21 03:28:59 --> Table 'pms_db.users' doesn't exist
in SYSTEMPATH\Database\BaseConnection.php on line 645.
 1 SYSTEMPATH\Database\BaseBuilder.php(1602): CodeIgniter\Database\BaseConnection->query('SELECT *
FROM `users`
ORDER BY `user_id` ASC', [], false)
 2 SYSTEMPATH\Model.php(240): CodeIgniter\Database\BaseBuilder->get()
 3 SYSTEMPATH\BaseModel.php(618): CodeIgniter\Model->doFindAll(0, 0)
 4 APPPATH\Controllers\Users.php(11): CodeIgniter\BaseModel->findAll()
 5 SYSTEMPATH\CodeIgniter.php(934): App\Controllers\Users->index()
 6 SYSTEMPATH\CodeIgniter.php(499): CodeIgniter\CodeIgniter->runController(Object(App\Controllers\Users))
 7 SYSTEMPATH\CodeIgniter.php(368): CodeIgniter\CodeIgniter->handleRequest(null, Object(Config\Cache), false)
 8 FCPATH\index.php(67): CodeIgniter\CodeIgniter->run()
ERROR - 2023-02-21 09:14:55 --> mysqli_sql_exception: Table 'pms_db.users' doesn't exist in D:\xampp\htdocs\project\PMS\system\Database\MySQLi\Connection.php:295
Stack trace:
#0 D:\xampp\htdocs\project\PMS\system\Database\MySQLi\Connection.php(295): mysqli->query('SELECT *\nFROM `...', 0)
#1 D:\xampp\htdocs\project\PMS\system\Database\BaseConnection.php(691): CodeIgniter\Database\MySQLi\Connection->execute('SELECT *\nFROM `...')
#2 D:\xampp\htdocs\project\PMS\system\Database\BaseConnection.php(605): CodeIgniter\Database\BaseConnection->simpleQuery('SELECT *\nFROM `...')
#3 D:\xampp\htdocs\project\PMS\system\Database\BaseBuilder.php(1602): CodeIgniter\Database\BaseConnection->query('SELECT *\nFROM `...', Array, false)
#4 D:\xampp\htdocs\project\PMS\system\Model.php(240): CodeIgniter\Database\BaseBuilder->get()
#5 D:\xampp\htdocs\project\PMS\system\BaseModel.php(618): CodeIgniter\Model->doFindAll(0, 0)
#6 D:\xampp\htdocs\project\PMS\app\Controllers\Users.php(11): CodeIgniter\BaseModel->findAll()
#7 D:\xampp\htdocs\project\PMS\system\CodeIgniter.php(934): App\Controllers\Users->index()
#8 D:\xampp\htdocs\project\PMS\system\CodeIgniter.php(499): CodeIgniter\CodeIgniter->runController(Object(App\Controllers\Users))
#9 D:\xampp\htdocs\project\PMS\system\CodeIgniter.php(368): CodeIgniter\CodeIgniter->handleRequest(NULL, Object(Config\Cache), false)
#10 D:\xampp\htdocs\project\PMS\index.php(67): CodeIgniter\CodeIgniter->run()
#11 {main}
CRITICAL - 2023-02-21 09:14:55 --> Table 'pms_db.users' doesn't exist
in SYSTEMPATH\Database\BaseConnection.php on line 645.
 1 SYSTEMPATH\Database\BaseBuilder.php(1602): CodeIgniter\Database\BaseConnection->query('SELECT *
FROM `users`
ORDER BY `user_id` ASC', [], false)
 2 SYSTEMPATH\Model.php(240): CodeIgniter\Database\BaseBuilder->get()
 3 SYSTEMPATH\BaseModel.php(618): CodeIgniter\Model->doFindAll(0, 0)
 4 APPPATH\Controllers\Users.php(11): CodeIgniter\BaseModel->findAll()
 5 SYSTEMPATH\CodeIgniter.php(934): App\Controllers\Users->index()
 6 SYSTEMPATH\CodeIgniter.php(499): CodeIgniter\CodeIgniter->runController(Object(App\Controllers\Users))
 7 SYSTEMPATH\CodeIgniter.php(368): CodeIgniter\CodeIgniter->handleRequest(null, Object(Config\Cache), false)
 8 FCPATH\index.php(67): CodeIgniter\CodeIgniter->run()
ERROR - 2023-02-21 09:58:12 --> mysqli_sql_exception: Table 'pms_db.users' doesn't exist in D:\xampp\htdocs\project\PMS\system\Database\MySQLi\Connection.php:295
Stack trace:
#0 D:\xampp\htdocs\project\PMS\system\Database\MySQLi\Connection.php(295): mysqli->query('SELECT *\nFROM `...', 0)
#1 D:\xampp\htdocs\project\PMS\system\Database\BaseConnection.php(691): CodeIgniter\Database\MySQLi\Connection->execute('SELECT *\nFROM `...')
#2 D:\xampp\htdocs\project\PMS\system\Database\BaseConnection.php(605): CodeIgniter\Database\BaseConnection->simpleQuery('SELECT *\nFROM `...')
#3 D:\xampp\htdocs\project\PMS\system\Database\BaseBuilder.php(1602): CodeIgniter\Database\BaseConnection->query('SELECT *\nFROM `...', Array, false)
#4 D:\xampp\htdocs\project\PMS\system\Model.php(240): CodeIgniter\Database\BaseBuilder->get()
#5 D:\xampp\htdocs\project\PMS\system\BaseModel.php(618): CodeIgniter\Model->doFindAll(0, 0)
#6 D:\xampp\htdocs\project\PMS\app\Controllers\Users.php(11): CodeIgniter\BaseModel->findAll()
#7 D:\xampp\htdocs\project\PMS\system\CodeIgniter.php(934): App\Controllers\Users->index()
#8 D:\xampp\htdocs\project\PMS\system\CodeIgniter.php(499): CodeIgniter\CodeIgniter->runController(Object(App\Controllers\Users))
#9 D:\xampp\htdocs\project\PMS\system\CodeIgniter.php(368): CodeIgniter\CodeIgniter->handleRequest(NULL, Object(Config\Cache), false)
#10 D:\xampp\htdocs\project\PMS\index.php(67): CodeIgniter\CodeIgniter->run()
#11 {main}
CRITICAL - 2023-02-21 09:58:12 --> Table 'pms_db.users' doesn't exist
in SYSTEMPATH\Database\BaseConnection.php on line 645.
 1 SYSTEMPATH\Database\BaseBuilder.php(1602): CodeIgniter\Database\BaseConnection->query('SELECT *
FROM `users`
ORDER BY `user_id` ASC', [], false)
 2 SYSTEMPATH\Model.php(240): CodeIgniter\Database\BaseBuilder->get()
 3 SYSTEMPATH\BaseModel.php(618): CodeIgniter\Model->doFindAll(0, 0)
 4 APPPATH\Controllers\Users.php(11): CodeIgniter\BaseModel->findAll()
 5 SYSTEMPATH\CodeIgniter.php(934): App\Controllers\Users->index()
 6 SYSTEMPATH\CodeIgniter.php(499): CodeIgniter\CodeIgniter->runController(Object(App\Controllers\Users))
 7 SYSTEMPATH\CodeIgniter.php(368): CodeIgniter\CodeIgniter->handleRequest(null, Object(Config\Cache), false)
 8 FCPATH\index.php(67): CodeIgniter\CodeIgniter->run()
ERROR - 2023-02-21 09:59:04 --> mysqli_sql_exception: Table 'pms_db.users' doesn't exist in D:\xampp\htdocs\project\PMS\system\Database\MySQLi\Connection.php:295
Stack trace:
#0 D:\xampp\htdocs\project\PMS\system\Database\MySQLi\Connection.php(295): mysqli->query('SELECT *\nFROM `...', 0)
#1 D:\xampp\htdocs\project\PMS\system\Database\BaseConnection.php(691): CodeIgniter\Database\MySQLi\Connection->execute('SELECT *\nFROM `...')
#2 D:\xampp\htdocs\project\PMS\system\Database\BaseConnection.php(605): CodeIgniter\Database\BaseConnection->simpleQuery('SELECT *\nFROM `...')
#3 D:\xampp\htdocs\project\PMS\system\Database\BaseBuilder.php(1602): CodeIgniter\Database\BaseConnection->query('SELECT *\nFROM `...', Array, false)
#4 D:\xampp\htdocs\project\PMS\system\Model.php(240): CodeIgniter\Database\BaseBuilder->get()
#5 D:\xampp\htdocs\project\PMS\system\BaseModel.php(618): CodeIgniter\Model->doFindAll(0, 0)
#6 D:\xampp\htdocs\project\PMS\app\Controllers\Users.php(11): CodeIgniter\BaseModel->findAll()
#7 D:\xampp\htdocs\project\PMS\system\CodeIgniter.php(934): App\Controllers\Users->index()
#8 D:\xampp\htdocs\project\PMS\system\CodeIgniter.php(499): CodeIgniter\CodeIgniter->runController(Object(App\Controllers\Users))
#9 D:\xampp\htdocs\project\PMS\system\CodeIgniter.php(368): CodeIgniter\CodeIgniter->handleRequest(NULL, Object(Config\Cache), false)
#10 D:\xampp\htdocs\project\PMS\index.php(67): CodeIgniter\CodeIgniter->run()
#11 {main}
CRITICAL - 2023-02-21 09:59:04 --> Table 'pms_db.users' doesn't exist
in SYSTEMPATH\Database\BaseConnection.php on line 645.
 1 SYSTEMPATH\Database\BaseBuilder.php(1602): CodeIgniter\Database\BaseConnection->query('SELECT *
FROM `users`
ORDER BY `user_id` ASC', [], false)
 2 SYSTEMPATH\Model.php(240): CodeIgniter\Database\BaseBuilder->get()
 3 SYSTEMPATH\BaseModel.php(618): CodeIgniter\Model->doFindAll(0, 0)
 4 APPPATH\Controllers\Users.php(11): CodeIgniter\BaseModel->findAll()
 5 SYSTEMPATH\CodeIgniter.php(934): App\Controllers\Users->index()
 6 SYSTEMPATH\CodeIgniter.php(499): CodeIgniter\CodeIgniter->runController(Object(App\Controllers\Users))
 7 SYSTEMPATH\CodeIgniter.php(368): CodeIgniter\CodeIgniter->handleRequest(null, Object(Config\Cache), false)
 8 FCPATH\index.php(67): CodeIgniter\CodeIgniter->run()
ERROR - 2023-02-21 09:59:05 --> mysqli_sql_exception: Table 'pms_db.users' doesn't exist in D:\xampp\htdocs\project\PMS\system\Database\MySQLi\Connection.php:295
Stack trace:
#0 D:\xampp\htdocs\project\PMS\system\Database\MySQLi\Connection.php(295): mysqli->query('SELECT *\nFROM `...', 0)
#1 D:\xampp\htdocs\project\PMS\system\Database\BaseConnection.php(691): CodeIgniter\Database\MySQLi\Connection->execute('SELECT *\nFROM `...')
#2 D:\xampp\htdocs\project\PMS\system\Database\BaseConnection.php(605): CodeIgniter\Database\BaseConnection->simpleQuery('SELECT *\nFROM `...')
#3 D:\xampp\htdocs\project\PMS\system\Database\BaseBuilder.php(1602): CodeIgniter\Database\BaseConnection->query('SELECT *\nFROM `...', Array, false)
#4 D:\xampp\htdocs\project\PMS\system\Model.php(240): CodeIgniter\Database\BaseBuilder->get()
#5 D:\xampp\htdocs\project\PMS\system\BaseModel.php(618): CodeIgniter\Model->doFindAll(0, 0)
#6 D:\xampp\htdocs\project\PMS\app\Controllers\Users.php(11): CodeIgniter\BaseModel->findAll()
#7 D:\xampp\htdocs\project\PMS\system\CodeIgniter.php(934): App\Controllers\Users->index()
#8 D:\xampp\htdocs\project\PMS\system\CodeIgniter.php(499): CodeIgniter\CodeIgniter->runController(Object(App\Controllers\Users))
#9 D:\xampp\htdocs\project\PMS\system\CodeIgniter.php(368): CodeIgniter\CodeIgniter->handleRequest(NULL, Object(Config\Cache), false)
#10 D:\xampp\htdocs\project\PMS\index.php(67): CodeIgniter\CodeIgniter->run()
#11 {main}
CRITICAL - 2023-02-21 09:59:05 --> Table 'pms_db.users' doesn't exist
in SYSTEMPATH\Database\BaseConnection.php on line 645.
 1 SYSTEMPATH\Database\BaseBuilder.php(1602): CodeIgniter\Database\BaseConnection->query('SELECT *
FROM `users`
ORDER BY `user_id` ASC', [], false)
 2 SYSTEMPATH\Model.php(240): CodeIgniter\Database\BaseBuilder->get()
 3 SYSTEMPATH\BaseModel.php(618): CodeIgniter\Model->doFindAll(0, 0)
 4 APPPATH\Controllers\Users.php(11): CodeIgniter\BaseModel->findAll()
 5 SYSTEMPATH\CodeIgniter.php(934): App\Controllers\Users->index()
 6 SYSTEMPATH\CodeIgniter.php(499): CodeIgniter\CodeIgniter->runController(Object(App\Controllers\Users))
 7 SYSTEMPATH\CodeIgniter.php(368): CodeIgniter\CodeIgniter->handleRequest(null, Object(Config\Cache), false)
 8 FCPATH\index.php(67): CodeIgniter\CodeIgniter->run()
ERROR - 2023-02-21 09:59:05 --> mysqli_sql_exception: Table 'pms_db.users' doesn't exist in D:\xampp\htdocs\project\PMS\system\Database\MySQLi\Connection.php:295
Stack trace:
#0 D:\xampp\htdocs\project\PMS\system\Database\MySQLi\Connection.php(295): mysqli->query('SELECT *\nFROM `...', 0)
#1 D:\xampp\htdocs\project\PMS\system\Database\BaseConnection.php(691): CodeIgniter\Database\MySQLi\Connection->execute('SELECT *\nFROM `...')
#2 D:\xampp\htdocs\project\PMS\system\Database\BaseConnection.php(605): CodeIgniter\Database\BaseConnection->simpleQuery('SELECT *\nFROM `...')
#3 D:\xampp\htdocs\project\PMS\system\Database\BaseBuilder.php(1602): CodeIgniter\Database\BaseConnection->query('SELECT *\nFROM `...', Array, false)
#4 D:\xampp\htdocs\project\PMS\system\Model.php(240): CodeIgniter\Database\BaseBuilder->get()
#5 D:\xampp\htdocs\project\PMS\system\BaseModel.php(618): CodeIgniter\Model->doFindAll(0, 0)
#6 D:\xampp\htdocs\project\PMS\app\Controllers\Users.php(11): CodeIgniter\BaseModel->findAll()
#7 D:\xampp\htdocs\project\PMS\system\CodeIgniter.php(934): App\Controllers\Users->index()
#8 D:\xampp\htdocs\project\PMS\system\CodeIgniter.php(499): CodeIgniter\CodeIgniter->runController(Object(App\Controllers\Users))
#9 D:\xampp\htdocs\project\PMS\system\CodeIgniter.php(368): CodeIgniter\CodeIgniter->handleRequest(NULL, Object(Config\Cache), false)
#10 D:\xampp\htdocs\project\PMS\index.php(67): CodeIgniter\CodeIgniter->run()
#11 {main}
CRITICAL - 2023-02-21 09:59:05 --> Table 'pms_db.users' doesn't exist
in SYSTEMPATH\Database\BaseConnection.php on line 645.
 1 SYSTEMPATH\Database\BaseBuilder.php(1602): CodeIgniter\Database\BaseConnection->query('SELECT *
FROM `users`
ORDER BY `user_id` ASC', [], false)
 2 SYSTEMPATH\Model.php(240): CodeIgniter\Database\BaseBuilder->get()
 3 SYSTEMPATH\BaseModel.php(618): CodeIgniter\Model->doFindAll(0, 0)
 4 APPPATH\Controllers\Users.php(11): CodeIgniter\BaseModel->findAll()
 5 SYSTEMPATH\CodeIgniter.php(934): App\Controllers\Users->index()
 6 SYSTEMPATH\CodeIgniter.php(499): CodeIgniter\CodeIgniter->runController(Object(App\Controllers\Users))
 7 SYSTEMPATH\CodeIgniter.php(368): CodeIgniter\CodeIgniter->handleRequest(null, Object(Config\Cache), false)
 8 FCPATH\index.php(67): CodeIgniter\CodeIgniter->run()
ERROR - 2023-02-21 09:59:34 --> mysqli_sql_exception: Table 'pms_db.users' doesn't exist in D:\xampp\htdocs\project\PMS\system\Database\MySQLi\Connection.php:295
Stack trace:
#0 D:\xampp\htdocs\project\PMS\system\Database\MySQLi\Connection.php(295): mysqli->query('SELECT *\nFROM `...', 0)
#1 D:\xampp\htdocs\project\PMS\system\Database\BaseConnection.php(691): CodeIgniter\Database\MySQLi\Connection->execute('SELECT *\nFROM `...')
#2 D:\xampp\htdocs\project\PMS\system\Database\BaseConnection.php(605): CodeIgniter\Database\BaseConnection->simpleQuery('SELECT *\nFROM `...')
#3 D:\xampp\htdocs\project\PMS\system\Database\BaseBuilder.php(1602): CodeIgniter\Database\BaseConnection->query('SELECT *\nFROM `...', Array, false)
#4 D:\xampp\htdocs\project\PMS\system\Model.php(240): CodeIgniter\Database\BaseBuilder->get()
#5 D:\xampp\htdocs\project\PMS\system\BaseModel.php(618): CodeIgniter\Model->doFindAll(0, 0)
#6 D:\xampp\htdocs\project\PMS\app\Controllers\Users.php(11): CodeIgniter\BaseModel->findAll()
#7 D:\xampp\htdocs\project\PMS\system\CodeIgniter.php(934): App\Controllers\Users->index()
#8 D:\xampp\htdocs\project\PMS\system\CodeIgniter.php(499): CodeIgniter\CodeIgniter->runController(Object(App\Controllers\Users))
#9 D:\xampp\htdocs\project\PMS\system\CodeIgniter.php(368): CodeIgniter\CodeIgniter->handleRequest(NULL, Object(Config\Cache), false)
#10 D:\xampp\htdocs\project\PMS\index.php(67): CodeIgniter\CodeIgniter->run()
#11 {main}
CRITICAL - 2023-02-21 09:59:34 --> Table 'pms_db.users' doesn't exist
in SYSTEMPATH\Database\BaseConnection.php on line 645.
 1 SYSTEMPATH\Database\BaseBuilder.php(1602): CodeIgniter\Database\BaseConnection->query('SELECT *
FROM `users`
ORDER BY `user_id` ASC', [], false)
 2 SYSTEMPATH\Model.php(240): CodeIgniter\Database\BaseBuilder->get()
 3 SYSTEMPATH\BaseModel.php(618): CodeIgniter\Model->doFindAll(0, 0)
 4 APPPATH\Controllers\Users.php(11): CodeIgniter\BaseModel->findAll()
 5 SYSTEMPATH\CodeIgniter.php(934): App\Controllers\Users->index()
 6 SYSTEMPATH\CodeIgniter.php(499): CodeIgniter\CodeIgniter->runController(Object(App\Controllers\Users))
 7 SYSTEMPATH\CodeIgniter.php(368): CodeIgniter\CodeIgniter->handleRequest(null, Object(Config\Cache), false)
 8 FCPATH\index.php(67): CodeIgniter\CodeIgniter->run()
