CRITICAL - 2023-02-08 10:43:40 --> Invalid file: "template/mild.php"
in SYSTEMPATH\Exceptions\FrameworkException.php on line 33.
 1 SYSTEMPATH\View\View.php(201): CodeIgniter\Exceptions\FrameworkException::forInvalidFile('template/mild.php')
 2 SYSTEMPATH\Common.php(1177): CodeIgniter\View\View->render('template/mild.php', [], true)
 3 APPPATH\Controllers\Home.php(16): view('template/mild.php')
 4 SYSTEMPATH\CodeIgniter.php(934): App\Controllers\Home->test()
 5 SYSTEMPATH\CodeIgniter.php(499): CodeIgniter\CodeIgniter->runController(Object(App\Controllers\Home))
 6 SYSTEMPATH\CodeIgniter.php(368): CodeIgniter\CodeIgniter->handleRequest(null, Object(Config\Cache), false)
 7 FCPATH\index.php(67): CodeIgniter\CodeIgniter->run()
CRITICAL - 2023-02-08 10:43:45 --> Invalid file: "template/mild.php"
in SYSTEMPATH\Exceptions\FrameworkException.php on line 33.
 1 SYSTEMPATH\View\View.php(201): CodeIgniter\Exceptions\FrameworkException::forInvalidFile('template/mild.php')
 2 SYSTEMPATH\Common.php(1177): CodeIgniter\View\View->render('template/mild.php', [], true)
 3 APPPATH\Controllers\Home.php(16): view('template/mild.php')
 4 SYSTEMPATH\CodeIgniter.php(934): App\Controllers\Home->test()
 5 SYSTEMPATH\CodeIgniter.php(499): CodeIgniter\CodeIgniter->runController(Object(App\Controllers\Home))
 6 SYSTEMPATH\CodeIgniter.php(368): CodeIgniter\CodeIgniter->handleRequest(null, Object(Config\Cache), false)
 7 FCPATH\index.php(67): CodeIgniter\CodeIgniter->run()
CRITICAL - 2023-02-08 10:44:22 --> Invalid file: "template/mild.php"
in SYSTEMPATH\Exceptions\FrameworkException.php on line 33.
 1 SYSTEMPATH\View\View.php(201): CodeIgniter\Exceptions\FrameworkException::forInvalidFile('template/mild.php')
 2 SYSTEMPATH\Common.php(1177): CodeIgniter\View\View->render('template/mild.php', [], true)
 3 APPPATH\Controllers\Home.php(16): view('template/mild.php')
 4 SYSTEMPATH\CodeIgniter.php(934): App\Controllers\Home->test()
 5 SYSTEMPATH\CodeIgniter.php(499): CodeIgniter\CodeIgniter->runController(Object(App\Controllers\Home))
 6 SYSTEMPATH\CodeIgniter.php(368): CodeIgniter\CodeIgniter->handleRequest(null, Object(Config\Cache), false)
 7 FCPATH\index.php(67): CodeIgniter\CodeIgniter->run()
CRITICAL - 2023-02-08 10:44:26 --> Invalid file: "template/mild.php"
in SYSTEMPATH\Exceptions\FrameworkException.php on line 33.
 1 SYSTEMPATH\View\View.php(201): CodeIgniter\Exceptions\FrameworkException::forInvalidFile('template/mild.php')
 2 SYSTEMPATH\Common.php(1177): CodeIgniter\View\View->render('template/mild.php', [], true)
 3 APPPATH\Controllers\Home.php(16): view('template/mild.php')
 4 SYSTEMPATH\CodeIgniter.php(934): App\Controllers\Home->test()
 5 SYSTEMPATH\CodeIgniter.php(499): CodeIgniter\CodeIgniter->runController(Object(App\Controllers\Home))
 6 SYSTEMPATH\CodeIgniter.php(368): CodeIgniter\CodeIgniter->handleRequest(null, Object(Config\Cache), false)
 7 FCPATH\index.php(67): CodeIgniter\CodeIgniter->run()
CRITICAL - 2023-02-08 10:44:35 --> Invalid file: "template/mild.php"
in SYSTEMPATH\Exceptions\FrameworkException.php on line 33.
 1 SYSTEMPATH\View\View.php(201): CodeIgniter\Exceptions\FrameworkException::forInvalidFile('template/mild.php')
 2 SYSTEMPATH\Common.php(1177): CodeIgniter\View\View->render('template/mild.php', [], true)
 3 APPPATH\Controllers\Home.php(16): view('template/mild.php')
 4 SYSTEMPATH\CodeIgniter.php(934): App\Controllers\Home->test()
 5 SYSTEMPATH\CodeIgniter.php(499): CodeIgniter\CodeIgniter->runController(Object(App\Controllers\Home))
 6 SYSTEMPATH\CodeIgniter.php(368): CodeIgniter\CodeIgniter->handleRequest(null, Object(Config\Cache), false)
 7 FCPATH\index.php(67): CodeIgniter\CodeIgniter->run()
CRITICAL - 2023-02-08 10:45:05 --> Invalid file: "template/mild.php"
in SYSTEMPATH\Exceptions\FrameworkException.php on line 33.
 1 SYSTEMPATH\View\View.php(201): CodeIgniter\Exceptions\FrameworkException::forInvalidFile('template/mild.php')
 2 SYSTEMPATH\Common.php(1177): CodeIgniter\View\View->render('template/mild.php', [], true)
 3 APPPATH\Controllers\Home.php(16): view('template/mild.php')
 4 SYSTEMPATH\CodeIgniter.php(934): App\Controllers\Home->test()
 5 SYSTEMPATH\CodeIgniter.php(499): CodeIgniter\CodeIgniter->runController(Object(App\Controllers\Home))
 6 SYSTEMPATH\CodeIgniter.php(368): CodeIgniter\CodeIgniter->handleRequest(null, Object(Config\Cache), false)
 7 FCPATH\index.php(67): CodeIgniter\CodeIgniter->run()
CRITICAL - 2023-02-08 10:45:07 --> Invalid file: "template/mild.php"
in SYSTEMPATH\Exceptions\FrameworkException.php on line 33.
 1 SYSTEMPATH\View\View.php(201): CodeIgniter\Exceptions\FrameworkException::forInvalidFile('template/mild.php')
 2 SYSTEMPATH\Common.php(1177): CodeIgniter\View\View->render('template/mild.php', [], true)
 3 APPPATH\Controllers\Home.php(16): view('template/mild.php')
 4 SYSTEMPATH\CodeIgniter.php(934): App\Controllers\Home->test()
 5 SYSTEMPATH\CodeIgniter.php(499): CodeIgniter\CodeIgniter->runController(Object(App\Controllers\Home))
 6 SYSTEMPATH\CodeIgniter.php(368): CodeIgniter\CodeIgniter->handleRequest(null, Object(Config\Cache), false)
 7 FCPATH\index.php(67): CodeIgniter\CodeIgniter->run()
CRITICAL - 2023-02-08 10:45:10 --> Invalid file: "template/mild.php"
in SYSTEMPATH\Exceptions\FrameworkException.php on line 33.
 1 SYSTEMPATH\View\View.php(201): CodeIgniter\Exceptions\FrameworkException::forInvalidFile('template/mild.php')
 2 SYSTEMPATH\Common.php(1177): CodeIgniter\View\View->render('template/mild.php', [], true)
 3 APPPATH\Controllers\Home.php(16): view('template/mild.php')
 4 SYSTEMPATH\CodeIgniter.php(934): App\Controllers\Home->test()
 5 SYSTEMPATH\CodeIgniter.php(499): CodeIgniter\CodeIgniter->runController(Object(App\Controllers\Home))
 6 SYSTEMPATH\CodeIgniter.php(368): CodeIgniter\CodeIgniter->handleRequest(null, Object(Config\Cache), false)
 7 FCPATH\index.php(67): CodeIgniter\CodeIgniter->run()
CRITICAL - 2023-02-08 10:45:32 --> Invalid file: "template/mild.php"
in SYSTEMPATH\Exceptions\FrameworkException.php on line 33.
 1 SYSTEMPATH\View\View.php(201): CodeIgniter\Exceptions\FrameworkException::forInvalidFile('template/mild.php')
 2 SYSTEMPATH\Common.php(1177): CodeIgniter\View\View->render('template/mild.php', [], true)
 3 APPPATH\Controllers\Home.php(16): view('template/mild.php')
 4 SYSTEMPATH\CodeIgniter.php(934): App\Controllers\Home->test()
 5 SYSTEMPATH\CodeIgniter.php(499): CodeIgniter\CodeIgniter->runController(Object(App\Controllers\Home))
 6 SYSTEMPATH\CodeIgniter.php(368): CodeIgniter\CodeIgniter->handleRequest(null, Object(Config\Cache), false)
 7 FCPATH\index.php(67): CodeIgniter\CodeIgniter->run()
CRITICAL - 2023-02-08 10:45:32 --> Invalid file: "template/mild.php"
in SYSTEMPATH\Exceptions\FrameworkException.php on line 33.
 1 SYSTEMPATH\View\View.php(201): CodeIgniter\Exceptions\FrameworkException::forInvalidFile('template/mild.php')
 2 SYSTEMPATH\Common.php(1177): CodeIgniter\View\View->render('template/mild.php', [], true)
 3 APPPATH\Controllers\Home.php(16): view('template/mild.php')
 4 SYSTEMPATH\CodeIgniter.php(934): App\Controllers\Home->test()
 5 SYSTEMPATH\CodeIgniter.php(499): CodeIgniter\CodeIgniter->runController(Object(App\Controllers\Home))
 6 SYSTEMPATH\CodeIgniter.php(368): CodeIgniter\CodeIgniter->handleRequest(null, Object(Config\Cache), false)
 7 FCPATH\index.php(67): CodeIgniter\CodeIgniter->run()
CRITICAL - 2023-02-08 10:45:33 --> Invalid file: "template/mild.php"
in SYSTEMPATH\Exceptions\FrameworkException.php on line 33.
 1 SYSTEMPATH\View\View.php(201): CodeIgniter\Exceptions\FrameworkException::forInvalidFile('template/mild.php')
 2 SYSTEMPATH\Common.php(1177): CodeIgniter\View\View->render('template/mild.php', [], true)
 3 APPPATH\Controllers\Home.php(16): view('template/mild.php')
 4 SYSTEMPATH\CodeIgniter.php(934): App\Controllers\Home->test()
 5 SYSTEMPATH\CodeIgniter.php(499): CodeIgniter\CodeIgniter->runController(Object(App\Controllers\Home))
 6 SYSTEMPATH\CodeIgniter.php(368): CodeIgniter\CodeIgniter->handleRequest(null, Object(Config\Cache), false)
 7 FCPATH\index.php(67): CodeIgniter\CodeIgniter->run()
CRITICAL - 2023-02-08 10:46:02 --> Invalid file: "template/emild.php"
in SYSTEMPATH\Exceptions\FrameworkException.php on line 33.
 1 SYSTEMPATH\View\View.php(201): CodeIgniter\Exceptions\FrameworkException::forInvalidFile('template/emild.php')
 2 SYSTEMPATH\Common.php(1177): CodeIgniter\View\View->render('template/emild.php', [], true)
 3 APPPATH\Controllers\Home.php(16): view('template/emild.php')
 4 SYSTEMPATH\CodeIgniter.php(934): App\Controllers\Home->test()
 5 SYSTEMPATH\CodeIgniter.php(499): CodeIgniter\CodeIgniter->runController(Object(App\Controllers\Home))
 6 SYSTEMPATH\CodeIgniter.php(368): CodeIgniter\CodeIgniter->handleRequest(null, Object(Config\Cache), false)
 7 FCPATH\index.php(67): CodeIgniter\CodeIgniter->run()
CRITICAL - 2023-02-08 10:46:11 --> Invalid file: "template/emild.php"
in SYSTEMPATH\Exceptions\FrameworkException.php on line 33.
 1 SYSTEMPATH\View\View.php(201): CodeIgniter\Exceptions\FrameworkException::forInvalidFile('template/emild.php')
 2 SYSTEMPATH\Common.php(1177): CodeIgniter\View\View->render('template/emild.php', [], true)
 3 APPPATH\Controllers\Home.php(16): view('template/emild.php')
 4 SYSTEMPATH\CodeIgniter.php(934): App\Controllers\Home->test()
 5 SYSTEMPATH\CodeIgniter.php(499): CodeIgniter\CodeIgniter->runController(Object(App\Controllers\Home))
 6 SYSTEMPATH\CodeIgniter.php(368): CodeIgniter\CodeIgniter->handleRequest(null, Object(Config\Cache), false)
 7 FCPATH\index.php(67): CodeIgniter\CodeIgniter->run()
