CRITICAL - 2023-02-23 04:19:16 --> Class "App\Models\LotModel" not found
in APPPATH\Controllers\Lot.php on line 11.
 1 SYSTEMPATH\CodeIgniter.php(934): App\Controllers\Lot->index()
 2 SYSTEMPATH\CodeIgniter.php(499): CodeIgniter\CodeIgniter->runController(Object(App\Controllers\Lot))
 3 SYSTEMPATH\CodeIgniter.php(368): CodeIgniter\CodeIgniter->handleRequest(null, Object(Config\Cache), false)
 4 FCPATH\index.php(67): CodeIgniter\CodeIgniter->run()
ERROR - 2023-02-23 04:45:33 --> mysqli_sql_exception: Table 'pms_db.order' doesn't exist in D:\xampp\htdocs\project\PMS\system\Database\MySQLi\Connection.php:295
Stack trace:
#0 D:\xampp\htdocs\project\PMS\system\Database\MySQLi\Connection.php(295): mysqli->query('SELECT *\nFROM `...', 0)
#1 D:\xampp\htdocs\project\PMS\system\Database\BaseConnection.php(691): CodeIgniter\Database\MySQLi\Connection->execute('SELECT *\nFROM `...')
#2 D:\xampp\htdocs\project\PMS\system\Database\BaseConnection.php(605): CodeIgniter\Database\BaseConnection->simpleQuery('SELECT *\nFROM `...')
#3 D:\xampp\htdocs\project\PMS\system\Database\BaseBuilder.php(1602): CodeIgniter\Database\BaseConnection->query('SELECT *\nFROM `...', Array, false)
#4 D:\xampp\htdocs\project\PMS\system\Model.php(240): CodeIgniter\Database\BaseBuilder->get()
#5 D:\xampp\htdocs\project\PMS\system\BaseModel.php(618): CodeIgniter\Model->doFindAll(0, 0)
#6 D:\xampp\htdocs\project\PMS\app\Controllers\Sale.php(11): CodeIgniter\BaseModel->findAll()
#7 D:\xampp\htdocs\project\PMS\system\CodeIgniter.php(934): App\Controllers\Sale->sale_all()
#8 D:\xampp\htdocs\project\PMS\system\CodeIgniter.php(499): CodeIgniter\CodeIgniter->runController(Object(App\Controllers\Sale))
#9 D:\xampp\htdocs\project\PMS\system\CodeIgniter.php(368): CodeIgniter\CodeIgniter->handleRequest(NULL, Object(Config\Cache), false)
#10 D:\xampp\htdocs\project\PMS\index.php(67): CodeIgniter\CodeIgniter->run()
#11 {main}
CRITICAL - 2023-02-23 04:45:33 --> Table 'pms_db.order' doesn't exist
in SYSTEMPATH\Database\BaseConnection.php on line 645.
 1 SYSTEMPATH\Database\BaseBuilder.php(1602): CodeIgniter\Database\BaseConnection->query('SELECT *
FROM `order`
ORDER BY `pharmacy_id` ASC', [], false)
 2 SYSTEMPATH\Model.php(240): CodeIgniter\Database\BaseBuilder->get()
 3 SYSTEMPATH\BaseModel.php(618): CodeIgniter\Model->doFindAll(0, 0)
 4 APPPATH\Controllers\Sale.php(11): CodeIgniter\BaseModel->findAll()
 5 SYSTEMPATH\CodeIgniter.php(934): App\Controllers\Sale->sale_all()
 6 SYSTEMPATH\CodeIgniter.php(499): CodeIgniter\CodeIgniter->runController(Object(App\Controllers\Sale))
 7 SYSTEMPATH\CodeIgniter.php(368): CodeIgniter\CodeIgniter->handleRequest(null, Object(Config\Cache), false)
 8 FCPATH\index.php(67): CodeIgniter\CodeIgniter->run()
ERROR - 2023-02-23 04:46:11 --> mysqli_sql_exception: Table 'pms_db.order' doesn't exist in D:\xampp\htdocs\project\PMS\system\Database\MySQLi\Connection.php:295
Stack trace:
#0 D:\xampp\htdocs\project\PMS\system\Database\MySQLi\Connection.php(295): mysqli->query('SELECT *\nFROM `...', 0)
#1 D:\xampp\htdocs\project\PMS\system\Database\BaseConnection.php(691): CodeIgniter\Database\MySQLi\Connection->execute('SELECT *\nFROM `...')
#2 D:\xampp\htdocs\project\PMS\system\Database\BaseConnection.php(605): CodeIgniter\Database\BaseConnection->simpleQuery('SELECT *\nFROM `...')
#3 D:\xampp\htdocs\project\PMS\system\Database\BaseBuilder.php(1602): CodeIgniter\Database\BaseConnection->query('SELECT *\nFROM `...', Array, false)
#4 D:\xampp\htdocs\project\PMS\system\Model.php(240): CodeIgniter\Database\BaseBuilder->get()
#5 D:\xampp\htdocs\project\PMS\system\BaseModel.php(618): CodeIgniter\Model->doFindAll(0, 0)
#6 D:\xampp\htdocs\project\PMS\app\Controllers\Sale.php(11): CodeIgniter\BaseModel->findAll()
#7 D:\xampp\htdocs\project\PMS\system\CodeIgniter.php(934): App\Controllers\Sale->sale_all()
#8 D:\xampp\htdocs\project\PMS\system\CodeIgniter.php(499): CodeIgniter\CodeIgniter->runController(Object(App\Controllers\Sale))
#9 D:\xampp\htdocs\project\PMS\system\CodeIgniter.php(368): CodeIgniter\CodeIgniter->handleRequest(NULL, Object(Config\Cache), false)
#10 D:\xampp\htdocs\project\PMS\index.php(67): CodeIgniter\CodeIgniter->run()
#11 {main}
CRITICAL - 2023-02-23 04:46:11 --> Table 'pms_db.order' doesn't exist
in SYSTEMPATH\Database\BaseConnection.php on line 645.
 1 SYSTEMPATH\Database\BaseBuilder.php(1602): CodeIgniter\Database\BaseConnection->query('SELECT *
FROM `order`
ORDER BY `order_id` ASC', [], false)
 2 SYSTEMPATH\Model.php(240): CodeIgniter\Database\BaseBuilder->get()
 3 SYSTEMPATH\BaseModel.php(618): CodeIgniter\Model->doFindAll(0, 0)
 4 APPPATH\Controllers\Sale.php(11): CodeIgniter\BaseModel->findAll()
 5 SYSTEMPATH\CodeIgniter.php(934): App\Controllers\Sale->sale_all()
 6 SYSTEMPATH\CodeIgniter.php(499): CodeIgniter\CodeIgniter->runController(Object(App\Controllers\Sale))
 7 SYSTEMPATH\CodeIgniter.php(368): CodeIgniter\CodeIgniter->handleRequest(null, Object(Config\Cache), false)
 8 FCPATH\index.php(67): CodeIgniter\CodeIgniter->run()
ERROR - 2023-02-23 04:46:11 --> mysqli_sql_exception: Table 'pms_db.order' doesn't exist in D:\xampp\htdocs\project\PMS\system\Database\MySQLi\Connection.php:295
Stack trace:
#0 D:\xampp\htdocs\project\PMS\system\Database\MySQLi\Connection.php(295): mysqli->query('SELECT *\nFROM `...', 0)
#1 D:\xampp\htdocs\project\PMS\system\Database\BaseConnection.php(691): CodeIgniter\Database\MySQLi\Connection->execute('SELECT *\nFROM `...')
#2 D:\xampp\htdocs\project\PMS\system\Database\BaseConnection.php(605): CodeIgniter\Database\BaseConnection->simpleQuery('SELECT *\nFROM `...')
#3 D:\xampp\htdocs\project\PMS\system\Database\BaseBuilder.php(1602): CodeIgniter\Database\BaseConnection->query('SELECT *\nFROM `...', Array, false)
#4 D:\xampp\htdocs\project\PMS\system\Model.php(240): CodeIgniter\Database\BaseBuilder->get()
#5 D:\xampp\htdocs\project\PMS\system\BaseModel.php(618): CodeIgniter\Model->doFindAll(0, 0)
#6 D:\xampp\htdocs\project\PMS\app\Controllers\Sale.php(11): CodeIgniter\BaseModel->findAll()
#7 D:\xampp\htdocs\project\PMS\system\CodeIgniter.php(934): App\Controllers\Sale->sale_all()
#8 D:\xampp\htdocs\project\PMS\system\CodeIgniter.php(499): CodeIgniter\CodeIgniter->runController(Object(App\Controllers\Sale))
#9 D:\xampp\htdocs\project\PMS\system\CodeIgniter.php(368): CodeIgniter\CodeIgniter->handleRequest(NULL, Object(Config\Cache), false)
#10 D:\xampp\htdocs\project\PMS\index.php(67): CodeIgniter\CodeIgniter->run()
#11 {main}
CRITICAL - 2023-02-23 04:46:11 --> Table 'pms_db.order' doesn't exist
in SYSTEMPATH\Database\BaseConnection.php on line 645.
 1 SYSTEMPATH\Database\BaseBuilder.php(1602): CodeIgniter\Database\BaseConnection->query('SELECT *
FROM `order`
ORDER BY `order_id` ASC', [], false)
 2 SYSTEMPATH\Model.php(240): CodeIgniter\Database\BaseBuilder->get()
 3 SYSTEMPATH\BaseModel.php(618): CodeIgniter\Model->doFindAll(0, 0)
 4 APPPATH\Controllers\Sale.php(11): CodeIgniter\BaseModel->findAll()
 5 SYSTEMPATH\CodeIgniter.php(934): App\Controllers\Sale->sale_all()
 6 SYSTEMPATH\CodeIgniter.php(499): CodeIgniter\CodeIgniter->runController(Object(App\Controllers\Sale))
 7 SYSTEMPATH\CodeIgniter.php(368): CodeIgniter\CodeIgniter->handleRequest(null, Object(Config\Cache), false)
 8 FCPATH\index.php(67): CodeIgniter\CodeIgniter->run()
ERROR - 2023-02-23 04:46:11 --> mysqli_sql_exception: Table 'pms_db.order' doesn't exist in D:\xampp\htdocs\project\PMS\system\Database\MySQLi\Connection.php:295
Stack trace:
#0 D:\xampp\htdocs\project\PMS\system\Database\MySQLi\Connection.php(295): mysqli->query('SELECT *\nFROM `...', 0)
#1 D:\xampp\htdocs\project\PMS\system\Database\BaseConnection.php(691): CodeIgniter\Database\MySQLi\Connection->execute('SELECT *\nFROM `...')
#2 D:\xampp\htdocs\project\PMS\system\Database\BaseConnection.php(605): CodeIgniter\Database\BaseConnection->simpleQuery('SELECT *\nFROM `...')
#3 D:\xampp\htdocs\project\PMS\system\Database\BaseBuilder.php(1602): CodeIgniter\Database\BaseConnection->query('SELECT *\nFROM `...', Array, false)
#4 D:\xampp\htdocs\project\PMS\system\Model.php(240): CodeIgniter\Database\BaseBuilder->get()
#5 D:\xampp\htdocs\project\PMS\system\BaseModel.php(618): CodeIgniter\Model->doFindAll(0, 0)
#6 D:\xampp\htdocs\project\PMS\app\Controllers\Sale.php(11): CodeIgniter\BaseModel->findAll()
#7 D:\xampp\htdocs\project\PMS\system\CodeIgniter.php(934): App\Controllers\Sale->sale_all()
#8 D:\xampp\htdocs\project\PMS\system\CodeIgniter.php(499): CodeIgniter\CodeIgniter->runController(Object(App\Controllers\Sale))
#9 D:\xampp\htdocs\project\PMS\system\CodeIgniter.php(368): CodeIgniter\CodeIgniter->handleRequest(NULL, Object(Config\Cache), false)
#10 D:\xampp\htdocs\project\PMS\index.php(67): CodeIgniter\CodeIgniter->run()
#11 {main}
CRITICAL - 2023-02-23 04:46:11 --> Table 'pms_db.order' doesn't exist
in SYSTEMPATH\Database\BaseConnection.php on line 645.
 1 SYSTEMPATH\Database\BaseBuilder.php(1602): CodeIgniter\Database\BaseConnection->query('SELECT *
FROM `order`
ORDER BY `order_id` ASC', [], false)
 2 SYSTEMPATH\Model.php(240): CodeIgniter\Database\BaseBuilder->get()
 3 SYSTEMPATH\BaseModel.php(618): CodeIgniter\Model->doFindAll(0, 0)
 4 APPPATH\Controllers\Sale.php(11): CodeIgniter\BaseModel->findAll()
 5 SYSTEMPATH\CodeIgniter.php(934): App\Controllers\Sale->sale_all()
 6 SYSTEMPATH\CodeIgniter.php(499): CodeIgniter\CodeIgniter->runController(Object(App\Controllers\Sale))
 7 SYSTEMPATH\CodeIgniter.php(368): CodeIgniter\CodeIgniter->handleRequest(null, Object(Config\Cache), false)
 8 FCPATH\index.php(67): CodeIgniter\CodeIgniter->run()
ERROR - 2023-02-23 04:46:12 --> mysqli_sql_exception: Table 'pms_db.order' doesn't exist in D:\xampp\htdocs\project\PMS\system\Database\MySQLi\Connection.php:295
Stack trace:
#0 D:\xampp\htdocs\project\PMS\system\Database\MySQLi\Connection.php(295): mysqli->query('SELECT *\nFROM `...', 0)
#1 D:\xampp\htdocs\project\PMS\system\Database\BaseConnection.php(691): CodeIgniter\Database\MySQLi\Connection->execute('SELECT *\nFROM `...')
#2 D:\xampp\htdocs\project\PMS\system\Database\BaseConnection.php(605): CodeIgniter\Database\BaseConnection->simpleQuery('SELECT *\nFROM `...')
#3 D:\xampp\htdocs\project\PMS\system\Database\BaseBuilder.php(1602): CodeIgniter\Database\BaseConnection->query('SELECT *\nFROM `...', Array, false)
#4 D:\xampp\htdocs\project\PMS\system\Model.php(240): CodeIgniter\Database\BaseBuilder->get()
#5 D:\xampp\htdocs\project\PMS\system\BaseModel.php(618): CodeIgniter\Model->doFindAll(0, 0)
#6 D:\xampp\htdocs\project\PMS\app\Controllers\Sale.php(11): CodeIgniter\BaseModel->findAll()
#7 D:\xampp\htdocs\project\PMS\system\CodeIgniter.php(934): App\Controllers\Sale->sale_all()
#8 D:\xampp\htdocs\project\PMS\system\CodeIgniter.php(499): CodeIgniter\CodeIgniter->runController(Object(App\Controllers\Sale))
#9 D:\xampp\htdocs\project\PMS\system\CodeIgniter.php(368): CodeIgniter\CodeIgniter->handleRequest(NULL, Object(Config\Cache), false)
#10 D:\xampp\htdocs\project\PMS\index.php(67): CodeIgniter\CodeIgniter->run()
#11 {main}
CRITICAL - 2023-02-23 04:46:12 --> Table 'pms_db.order' doesn't exist
in SYSTEMPATH\Database\BaseConnection.php on line 645.
 1 SYSTEMPATH\Database\BaseBuilder.php(1602): CodeIgniter\Database\BaseConnection->query('SELECT *
FROM `order`
ORDER BY `order_id` ASC', [], false)
 2 SYSTEMPATH\Model.php(240): CodeIgniter\Database\BaseBuilder->get()
 3 SYSTEMPATH\BaseModel.php(618): CodeIgniter\Model->doFindAll(0, 0)
 4 APPPATH\Controllers\Sale.php(11): CodeIgniter\BaseModel->findAll()
 5 SYSTEMPATH\CodeIgniter.php(934): App\Controllers\Sale->sale_all()
 6 SYSTEMPATH\CodeIgniter.php(499): CodeIgniter\CodeIgniter->runController(Object(App\Controllers\Sale))
 7 SYSTEMPATH\CodeIgniter.php(368): CodeIgniter\CodeIgniter->handleRequest(null, Object(Config\Cache), false)
 8 FCPATH\index.php(67): CodeIgniter\CodeIgniter->run()
ERROR - 2023-02-23 04:46:12 --> mysqli_sql_exception: Table 'pms_db.order' doesn't exist in D:\xampp\htdocs\project\PMS\system\Database\MySQLi\Connection.php:295
Stack trace:
#0 D:\xampp\htdocs\project\PMS\system\Database\MySQLi\Connection.php(295): mysqli->query('SELECT *\nFROM `...', 0)
#1 D:\xampp\htdocs\project\PMS\system\Database\BaseConnection.php(691): CodeIgniter\Database\MySQLi\Connection->execute('SELECT *\nFROM `...')
#2 D:\xampp\htdocs\project\PMS\system\Database\BaseConnection.php(605): CodeIgniter\Database\BaseConnection->simpleQuery('SELECT *\nFROM `...')
#3 D:\xampp\htdocs\project\PMS\system\Database\BaseBuilder.php(1602): CodeIgniter\Database\BaseConnection->query('SELECT *\nFROM `...', Array, false)
#4 D:\xampp\htdocs\project\PMS\system\Model.php(240): CodeIgniter\Database\BaseBuilder->get()
#5 D:\xampp\htdocs\project\PMS\system\BaseModel.php(618): CodeIgniter\Model->doFindAll(0, 0)
#6 D:\xampp\htdocs\project\PMS\app\Controllers\Sale.php(11): CodeIgniter\BaseModel->findAll()
#7 D:\xampp\htdocs\project\PMS\system\CodeIgniter.php(934): App\Controllers\Sale->sale_all()
#8 D:\xampp\htdocs\project\PMS\system\CodeIgniter.php(499): CodeIgniter\CodeIgniter->runController(Object(App\Controllers\Sale))
#9 D:\xampp\htdocs\project\PMS\system\CodeIgniter.php(368): CodeIgniter\CodeIgniter->handleRequest(NULL, Object(Config\Cache), false)
#10 D:\xampp\htdocs\project\PMS\index.php(67): CodeIgniter\CodeIgniter->run()
#11 {main}
CRITICAL - 2023-02-23 04:46:12 --> Table 'pms_db.order' doesn't exist
in SYSTEMPATH\Database\BaseConnection.php on line 645.
 1 SYSTEMPATH\Database\BaseBuilder.php(1602): CodeIgniter\Database\BaseConnection->query('SELECT *
FROM `order`
ORDER BY `order_id` ASC', [], false)
 2 SYSTEMPATH\Model.php(240): CodeIgniter\Database\BaseBuilder->get()
 3 SYSTEMPATH\BaseModel.php(618): CodeIgniter\Model->doFindAll(0, 0)
 4 APPPATH\Controllers\Sale.php(11): CodeIgniter\BaseModel->findAll()
 5 SYSTEMPATH\CodeIgniter.php(934): App\Controllers\Sale->sale_all()
 6 SYSTEMPATH\CodeIgniter.php(499): CodeIgniter\CodeIgniter->runController(Object(App\Controllers\Sale))
 7 SYSTEMPATH\CodeIgniter.php(368): CodeIgniter\CodeIgniter->handleRequest(null, Object(Config\Cache), false)
 8 FCPATH\index.php(67): CodeIgniter\CodeIgniter->run()
ERROR - 2023-02-23 04:46:12 --> mysqli_sql_exception: Table 'pms_db.order' doesn't exist in D:\xampp\htdocs\project\PMS\system\Database\MySQLi\Connection.php:295
Stack trace:
#0 D:\xampp\htdocs\project\PMS\system\Database\MySQLi\Connection.php(295): mysqli->query('SELECT *\nFROM `...', 0)
#1 D:\xampp\htdocs\project\PMS\system\Database\BaseConnection.php(691): CodeIgniter\Database\MySQLi\Connection->execute('SELECT *\nFROM `...')
#2 D:\xampp\htdocs\project\PMS\system\Database\BaseConnection.php(605): CodeIgniter\Database\BaseConnection->simpleQuery('SELECT *\nFROM `...')
#3 D:\xampp\htdocs\project\PMS\system\Database\BaseBuilder.php(1602): CodeIgniter\Database\BaseConnection->query('SELECT *\nFROM `...', Array, false)
#4 D:\xampp\htdocs\project\PMS\system\Model.php(240): CodeIgniter\Database\BaseBuilder->get()
#5 D:\xampp\htdocs\project\PMS\system\BaseModel.php(618): CodeIgniter\Model->doFindAll(0, 0)
#6 D:\xampp\htdocs\project\PMS\app\Controllers\Sale.php(11): CodeIgniter\BaseModel->findAll()
#7 D:\xampp\htdocs\project\PMS\system\CodeIgniter.php(934): App\Controllers\Sale->sale_all()
#8 D:\xampp\htdocs\project\PMS\system\CodeIgniter.php(499): CodeIgniter\CodeIgniter->runController(Object(App\Controllers\Sale))
#9 D:\xampp\htdocs\project\PMS\system\CodeIgniter.php(368): CodeIgniter\CodeIgniter->handleRequest(NULL, Object(Config\Cache), false)
#10 D:\xampp\htdocs\project\PMS\index.php(67): CodeIgniter\CodeIgniter->run()
#11 {main}
CRITICAL - 2023-02-23 04:46:12 --> Table 'pms_db.order' doesn't exist
in SYSTEMPATH\Database\BaseConnection.php on line 645.
 1 SYSTEMPATH\Database\BaseBuilder.php(1602): CodeIgniter\Database\BaseConnection->query('SELECT *
FROM `order`
ORDER BY `order_id` ASC', [], false)
 2 SYSTEMPATH\Model.php(240): CodeIgniter\Database\BaseBuilder->get()
 3 SYSTEMPATH\BaseModel.php(618): CodeIgniter\Model->doFindAll(0, 0)
 4 APPPATH\Controllers\Sale.php(11): CodeIgniter\BaseModel->findAll()
 5 SYSTEMPATH\CodeIgniter.php(934): App\Controllers\Sale->sale_all()
 6 SYSTEMPATH\CodeIgniter.php(499): CodeIgniter\CodeIgniter->runController(Object(App\Controllers\Sale))
 7 SYSTEMPATH\CodeIgniter.php(368): CodeIgniter\CodeIgniter->handleRequest(null, Object(Config\Cache), false)
 8 FCPATH\index.php(67): CodeIgniter\CodeIgniter->run()
ERROR - 2023-02-23 04:46:12 --> mysqli_sql_exception: Table 'pms_db.order' doesn't exist in D:\xampp\htdocs\project\PMS\system\Database\MySQLi\Connection.php:295
Stack trace:
#0 D:\xampp\htdocs\project\PMS\system\Database\MySQLi\Connection.php(295): mysqli->query('SELECT *\nFROM `...', 0)
#1 D:\xampp\htdocs\project\PMS\system\Database\BaseConnection.php(691): CodeIgniter\Database\MySQLi\Connection->execute('SELECT *\nFROM `...')
#2 D:\xampp\htdocs\project\PMS\system\Database\BaseConnection.php(605): CodeIgniter\Database\BaseConnection->simpleQuery('SELECT *\nFROM `...')
#3 D:\xampp\htdocs\project\PMS\system\Database\BaseBuilder.php(1602): CodeIgniter\Database\BaseConnection->query('SELECT *\nFROM `...', Array, false)
#4 D:\xampp\htdocs\project\PMS\system\Model.php(240): CodeIgniter\Database\BaseBuilder->get()
#5 D:\xampp\htdocs\project\PMS\system\BaseModel.php(618): CodeIgniter\Model->doFindAll(0, 0)
#6 D:\xampp\htdocs\project\PMS\app\Controllers\Sale.php(11): CodeIgniter\BaseModel->findAll()
#7 D:\xampp\htdocs\project\PMS\system\CodeIgniter.php(934): App\Controllers\Sale->sale_all()
#8 D:\xampp\htdocs\project\PMS\system\CodeIgniter.php(499): CodeIgniter\CodeIgniter->runController(Object(App\Controllers\Sale))
#9 D:\xampp\htdocs\project\PMS\system\CodeIgniter.php(368): CodeIgniter\CodeIgniter->handleRequest(NULL, Object(Config\Cache), false)
#10 D:\xampp\htdocs\project\PMS\index.php(67): CodeIgniter\CodeIgniter->run()
#11 {main}
CRITICAL - 2023-02-23 04:46:12 --> Table 'pms_db.order' doesn't exist
in SYSTEMPATH\Database\BaseConnection.php on line 645.
 1 SYSTEMPATH\Database\BaseBuilder.php(1602): CodeIgniter\Database\BaseConnection->query('SELECT *
FROM `order`
ORDER BY `order_id` ASC', [], false)
 2 SYSTEMPATH\Model.php(240): CodeIgniter\Database\BaseBuilder->get()
 3 SYSTEMPATH\BaseModel.php(618): CodeIgniter\Model->doFindAll(0, 0)
 4 APPPATH\Controllers\Sale.php(11): CodeIgniter\BaseModel->findAll()
 5 SYSTEMPATH\CodeIgniter.php(934): App\Controllers\Sale->sale_all()
 6 SYSTEMPATH\CodeIgniter.php(499): CodeIgniter\CodeIgniter->runController(Object(App\Controllers\Sale))
 7 SYSTEMPATH\CodeIgniter.php(368): CodeIgniter\CodeIgniter->handleRequest(null, Object(Config\Cache), false)
 8 FCPATH\index.php(67): CodeIgniter\CodeIgniter->run()
ERROR - 2023-02-23 04:46:12 --> mysqli_sql_exception: Table 'pms_db.order' doesn't exist in D:\xampp\htdocs\project\PMS\system\Database\MySQLi\Connection.php:295
Stack trace:
#0 D:\xampp\htdocs\project\PMS\system\Database\MySQLi\Connection.php(295): mysqli->query('SELECT *\nFROM `...', 0)
#1 D:\xampp\htdocs\project\PMS\system\Database\BaseConnection.php(691): CodeIgniter\Database\MySQLi\Connection->execute('SELECT *\nFROM `...')
#2 D:\xampp\htdocs\project\PMS\system\Database\BaseConnection.php(605): CodeIgniter\Database\BaseConnection->simpleQuery('SELECT *\nFROM `...')
#3 D:\xampp\htdocs\project\PMS\system\Database\BaseBuilder.php(1602): CodeIgniter\Database\BaseConnection->query('SELECT *\nFROM `...', Array, false)
#4 D:\xampp\htdocs\project\PMS\system\Model.php(240): CodeIgniter\Database\BaseBuilder->get()
#5 D:\xampp\htdocs\project\PMS\system\BaseModel.php(618): CodeIgniter\Model->doFindAll(0, 0)
#6 D:\xampp\htdocs\project\PMS\app\Controllers\Sale.php(11): CodeIgniter\BaseModel->findAll()
#7 D:\xampp\htdocs\project\PMS\system\CodeIgniter.php(934): App\Controllers\Sale->sale_all()
#8 D:\xampp\htdocs\project\PMS\system\CodeIgniter.php(499): CodeIgniter\CodeIgniter->runController(Object(App\Controllers\Sale))
#9 D:\xampp\htdocs\project\PMS\system\CodeIgniter.php(368): CodeIgniter\CodeIgniter->handleRequest(NULL, Object(Config\Cache), false)
#10 D:\xampp\htdocs\project\PMS\index.php(67): CodeIgniter\CodeIgniter->run()
#11 {main}
CRITICAL - 2023-02-23 04:46:12 --> Table 'pms_db.order' doesn't exist
in SYSTEMPATH\Database\BaseConnection.php on line 645.
 1 SYSTEMPATH\Database\BaseBuilder.php(1602): CodeIgniter\Database\BaseConnection->query('SELECT *
FROM `order`
ORDER BY `order_id` ASC', [], false)
 2 SYSTEMPATH\Model.php(240): CodeIgniter\Database\BaseBuilder->get()
 3 SYSTEMPATH\BaseModel.php(618): CodeIgniter\Model->doFindAll(0, 0)
 4 APPPATH\Controllers\Sale.php(11): CodeIgniter\BaseModel->findAll()
 5 SYSTEMPATH\CodeIgniter.php(934): App\Controllers\Sale->sale_all()
 6 SYSTEMPATH\CodeIgniter.php(499): CodeIgniter\CodeIgniter->runController(Object(App\Controllers\Sale))
 7 SYSTEMPATH\CodeIgniter.php(368): CodeIgniter\CodeIgniter->handleRequest(null, Object(Config\Cache), false)
 8 FCPATH\index.php(67): CodeIgniter\CodeIgniter->run()
ERROR - 2023-02-23 04:46:12 --> mysqli_sql_exception: Table 'pms_db.order' doesn't exist in D:\xampp\htdocs\project\PMS\system\Database\MySQLi\Connection.php:295
Stack trace:
#0 D:\xampp\htdocs\project\PMS\system\Database\MySQLi\Connection.php(295): mysqli->query('SELECT *\nFROM `...', 0)
#1 D:\xampp\htdocs\project\PMS\system\Database\BaseConnection.php(691): CodeIgniter\Database\MySQLi\Connection->execute('SELECT *\nFROM `...')
#2 D:\xampp\htdocs\project\PMS\system\Database\BaseConnection.php(605): CodeIgniter\Database\BaseConnection->simpleQuery('SELECT *\nFROM `...')
#3 D:\xampp\htdocs\project\PMS\system\Database\BaseBuilder.php(1602): CodeIgniter\Database\BaseConnection->query('SELECT *\nFROM `...', Array, false)
#4 D:\xampp\htdocs\project\PMS\system\Model.php(240): CodeIgniter\Database\BaseBuilder->get()
#5 D:\xampp\htdocs\project\PMS\system\BaseModel.php(618): CodeIgniter\Model->doFindAll(0, 0)
#6 D:\xampp\htdocs\project\PMS\app\Controllers\Sale.php(11): CodeIgniter\BaseModel->findAll()
#7 D:\xampp\htdocs\project\PMS\system\CodeIgniter.php(934): App\Controllers\Sale->sale_all()
#8 D:\xampp\htdocs\project\PMS\system\CodeIgniter.php(499): CodeIgniter\CodeIgniter->runController(Object(App\Controllers\Sale))
#9 D:\xampp\htdocs\project\PMS\system\CodeIgniter.php(368): CodeIgniter\CodeIgniter->handleRequest(NULL, Object(Config\Cache), false)
#10 D:\xampp\htdocs\project\PMS\index.php(67): CodeIgniter\CodeIgniter->run()
#11 {main}
CRITICAL - 2023-02-23 04:46:12 --> Table 'pms_db.order' doesn't exist
in SYSTEMPATH\Database\BaseConnection.php on line 645.
 1 SYSTEMPATH\Database\BaseBuilder.php(1602): CodeIgniter\Database\BaseConnection->query('SELECT *
FROM `order`
ORDER BY `order_id` ASC', [], false)
 2 SYSTEMPATH\Model.php(240): CodeIgniter\Database\BaseBuilder->get()
 3 SYSTEMPATH\BaseModel.php(618): CodeIgniter\Model->doFindAll(0, 0)
 4 APPPATH\Controllers\Sale.php(11): CodeIgniter\BaseModel->findAll()
 5 SYSTEMPATH\CodeIgniter.php(934): App\Controllers\Sale->sale_all()
 6 SYSTEMPATH\CodeIgniter.php(499): CodeIgniter\CodeIgniter->runController(Object(App\Controllers\Sale))
 7 SYSTEMPATH\CodeIgniter.php(368): CodeIgniter\CodeIgniter->handleRequest(null, Object(Config\Cache), false)
 8 FCPATH\index.php(67): CodeIgniter\CodeIgniter->run()
ERROR - 2023-02-23 04:49:42 --> mysqli_sql_exception: Table 'pms_db.order' doesn't exist in D:\xampp\htdocs\project\PMS\system\Database\MySQLi\Connection.php:295
Stack trace:
#0 D:\xampp\htdocs\project\PMS\system\Database\MySQLi\Connection.php(295): mysqli->query('SELECT *\nFROM `...', 0)
#1 D:\xampp\htdocs\project\PMS\system\Database\BaseConnection.php(691): CodeIgniter\Database\MySQLi\Connection->execute('SELECT *\nFROM `...')
#2 D:\xampp\htdocs\project\PMS\system\Database\BaseConnection.php(605): CodeIgniter\Database\BaseConnection->simpleQuery('SELECT *\nFROM `...')
#3 D:\xampp\htdocs\project\PMS\system\Database\BaseBuilder.php(1602): CodeIgniter\Database\BaseConnection->query('SELECT *\nFROM `...', Array, false)
#4 D:\xampp\htdocs\project\PMS\system\Model.php(240): CodeIgniter\Database\BaseBuilder->get()
#5 D:\xampp\htdocs\project\PMS\system\BaseModel.php(618): CodeIgniter\Model->doFindAll(0, 0)
#6 D:\xampp\htdocs\project\PMS\app\Controllers\Sale.php(11): CodeIgniter\BaseModel->findAll()
#7 D:\xampp\htdocs\project\PMS\system\CodeIgniter.php(934): App\Controllers\Sale->sale_all()
#8 D:\xampp\htdocs\project\PMS\system\CodeIgniter.php(499): CodeIgniter\CodeIgniter->runController(Object(App\Controllers\Sale))
#9 D:\xampp\htdocs\project\PMS\system\CodeIgniter.php(368): CodeIgniter\CodeIgniter->handleRequest(NULL, Object(Config\Cache), false)
#10 D:\xampp\htdocs\project\PMS\index.php(67): CodeIgniter\CodeIgniter->run()
#11 {main}
CRITICAL - 2023-02-23 04:49:42 --> Table 'pms_db.order' doesn't exist
in SYSTEMPATH\Database\BaseConnection.php on line 645.
 1 SYSTEMPATH\Database\BaseBuilder.php(1602): CodeIgniter\Database\BaseConnection->query('SELECT *
FROM `order`
ORDER BY `order_id` ASC', [], false)
 2 SYSTEMPATH\Model.php(240): CodeIgniter\Database\BaseBuilder->get()
 3 SYSTEMPATH\BaseModel.php(618): CodeIgniter\Model->doFindAll(0, 0)
 4 APPPATH\Controllers\Sale.php(11): CodeIgniter\BaseModel->findAll()
 5 SYSTEMPATH\CodeIgniter.php(934): App\Controllers\Sale->sale_all()
 6 SYSTEMPATH\CodeIgniter.php(499): CodeIgniter\CodeIgniter->runController(Object(App\Controllers\Sale))
 7 SYSTEMPATH\CodeIgniter.php(368): CodeIgniter\CodeIgniter->handleRequest(null, Object(Config\Cache), false)
 8 FCPATH\index.php(67): CodeIgniter\CodeIgniter->run()
ERROR - 2023-02-23 04:49:42 --> mysqli_sql_exception: Table 'pms_db.order' doesn't exist in D:\xampp\htdocs\project\PMS\system\Database\MySQLi\Connection.php:295
Stack trace:
#0 D:\xampp\htdocs\project\PMS\system\Database\MySQLi\Connection.php(295): mysqli->query('SELECT *\nFROM `...', 0)
#1 D:\xampp\htdocs\project\PMS\system\Database\BaseConnection.php(691): CodeIgniter\Database\MySQLi\Connection->execute('SELECT *\nFROM `...')
#2 D:\xampp\htdocs\project\PMS\system\Database\BaseConnection.php(605): CodeIgniter\Database\BaseConnection->simpleQuery('SELECT *\nFROM `...')
#3 D:\xampp\htdocs\project\PMS\system\Database\BaseBuilder.php(1602): CodeIgniter\Database\BaseConnection->query('SELECT *\nFROM `...', Array, false)
#4 D:\xampp\htdocs\project\PMS\system\Model.php(240): CodeIgniter\Database\BaseBuilder->get()
#5 D:\xampp\htdocs\project\PMS\system\BaseModel.php(618): CodeIgniter\Model->doFindAll(0, 0)
#6 D:\xampp\htdocs\project\PMS\app\Controllers\Sale.php(11): CodeIgniter\BaseModel->findAll()
#7 D:\xampp\htdocs\project\PMS\system\CodeIgniter.php(934): App\Controllers\Sale->sale_all()
#8 D:\xampp\htdocs\project\PMS\system\CodeIgniter.php(499): CodeIgniter\CodeIgniter->runController(Object(App\Controllers\Sale))
#9 D:\xampp\htdocs\project\PMS\system\CodeIgniter.php(368): CodeIgniter\CodeIgniter->handleRequest(NULL, Object(Config\Cache), false)
#10 D:\xampp\htdocs\project\PMS\index.php(67): CodeIgniter\CodeIgniter->run()
#11 {main}
CRITICAL - 2023-02-23 04:49:42 --> Table 'pms_db.order' doesn't exist
in SYSTEMPATH\Database\BaseConnection.php on line 645.
 1 SYSTEMPATH\Database\BaseBuilder.php(1602): CodeIgniter\Database\BaseConnection->query('SELECT *
FROM `order`
ORDER BY `order_id` ASC', [], false)
 2 SYSTEMPATH\Model.php(240): CodeIgniter\Database\BaseBuilder->get()
 3 SYSTEMPATH\BaseModel.php(618): CodeIgniter\Model->doFindAll(0, 0)
 4 APPPATH\Controllers\Sale.php(11): CodeIgniter\BaseModel->findAll()
 5 SYSTEMPATH\CodeIgniter.php(934): App\Controllers\Sale->sale_all()
 6 SYSTEMPATH\CodeIgniter.php(499): CodeIgniter\CodeIgniter->runController(Object(App\Controllers\Sale))
 7 SYSTEMPATH\CodeIgniter.php(368): CodeIgniter\CodeIgniter->handleRequest(null, Object(Config\Cache), false)
 8 FCPATH\index.php(67): CodeIgniter\CodeIgniter->run()
ERROR - 2023-02-23 04:49:43 --> mysqli_sql_exception: Table 'pms_db.order' doesn't exist in D:\xampp\htdocs\project\PMS\system\Database\MySQLi\Connection.php:295
Stack trace:
#0 D:\xampp\htdocs\project\PMS\system\Database\MySQLi\Connection.php(295): mysqli->query('SELECT *\nFROM `...', 0)
#1 D:\xampp\htdocs\project\PMS\system\Database\BaseConnection.php(691): CodeIgniter\Database\MySQLi\Connection->execute('SELECT *\nFROM `...')
#2 D:\xampp\htdocs\project\PMS\system\Database\BaseConnection.php(605): CodeIgniter\Database\BaseConnection->simpleQuery('SELECT *\nFROM `...')
#3 D:\xampp\htdocs\project\PMS\system\Database\BaseBuilder.php(1602): CodeIgniter\Database\BaseConnection->query('SELECT *\nFROM `...', Array, false)
#4 D:\xampp\htdocs\project\PMS\system\Model.php(240): CodeIgniter\Database\BaseBuilder->get()
#5 D:\xampp\htdocs\project\PMS\system\BaseModel.php(618): CodeIgniter\Model->doFindAll(0, 0)
#6 D:\xampp\htdocs\project\PMS\app\Controllers\Sale.php(11): CodeIgniter\BaseModel->findAll()
#7 D:\xampp\htdocs\project\PMS\system\CodeIgniter.php(934): App\Controllers\Sale->sale_all()
#8 D:\xampp\htdocs\project\PMS\system\CodeIgniter.php(499): CodeIgniter\CodeIgniter->runController(Object(App\Controllers\Sale))
#9 D:\xampp\htdocs\project\PMS\system\CodeIgniter.php(368): CodeIgniter\CodeIgniter->handleRequest(NULL, Object(Config\Cache), false)
#10 D:\xampp\htdocs\project\PMS\index.php(67): CodeIgniter\CodeIgniter->run()
#11 {main}
CRITICAL - 2023-02-23 04:49:43 --> Table 'pms_db.order' doesn't exist
in SYSTEMPATH\Database\BaseConnection.php on line 645.
 1 SYSTEMPATH\Database\BaseBuilder.php(1602): CodeIgniter\Database\BaseConnection->query('SELECT *
FROM `order`
ORDER BY `order_id` ASC', [], false)
 2 SYSTEMPATH\Model.php(240): CodeIgniter\Database\BaseBuilder->get()
 3 SYSTEMPATH\BaseModel.php(618): CodeIgniter\Model->doFindAll(0, 0)
 4 APPPATH\Controllers\Sale.php(11): CodeIgniter\BaseModel->findAll()
 5 SYSTEMPATH\CodeIgniter.php(934): App\Controllers\Sale->sale_all()
 6 SYSTEMPATH\CodeIgniter.php(499): CodeIgniter\CodeIgniter->runController(Object(App\Controllers\Sale))
 7 SYSTEMPATH\CodeIgniter.php(368): CodeIgniter\CodeIgniter->handleRequest(null, Object(Config\Cache), false)
 8 FCPATH\index.php(67): CodeIgniter\CodeIgniter->run()
ERROR - 2023-02-23 04:49:43 --> mysqli_sql_exception: Table 'pms_db.order' doesn't exist in D:\xampp\htdocs\project\PMS\system\Database\MySQLi\Connection.php:295
Stack trace:
#0 D:\xampp\htdocs\project\PMS\system\Database\MySQLi\Connection.php(295): mysqli->query('SELECT *\nFROM `...', 0)
#1 D:\xampp\htdocs\project\PMS\system\Database\BaseConnection.php(691): CodeIgniter\Database\MySQLi\Connection->execute('SELECT *\nFROM `...')
#2 D:\xampp\htdocs\project\PMS\system\Database\BaseConnection.php(605): CodeIgniter\Database\BaseConnection->simpleQuery('SELECT *\nFROM `...')
#3 D:\xampp\htdocs\project\PMS\system\Database\BaseBuilder.php(1602): CodeIgniter\Database\BaseConnection->query('SELECT *\nFROM `...', Array, false)
#4 D:\xampp\htdocs\project\PMS\system\Model.php(240): CodeIgniter\Database\BaseBuilder->get()
#5 D:\xampp\htdocs\project\PMS\system\BaseModel.php(618): CodeIgniter\Model->doFindAll(0, 0)
#6 D:\xampp\htdocs\project\PMS\app\Controllers\Sale.php(11): CodeIgniter\BaseModel->findAll()
#7 D:\xampp\htdocs\project\PMS\system\CodeIgniter.php(934): App\Controllers\Sale->sale_all()
#8 D:\xampp\htdocs\project\PMS\system\CodeIgniter.php(499): CodeIgniter\CodeIgniter->runController(Object(App\Controllers\Sale))
#9 D:\xampp\htdocs\project\PMS\system\CodeIgniter.php(368): CodeIgniter\CodeIgniter->handleRequest(NULL, Object(Config\Cache), false)
#10 D:\xampp\htdocs\project\PMS\index.php(67): CodeIgniter\CodeIgniter->run()
#11 {main}
CRITICAL - 2023-02-23 04:49:43 --> Table 'pms_db.order' doesn't exist
in SYSTEMPATH\Database\BaseConnection.php on line 645.
 1 SYSTEMPATH\Database\BaseBuilder.php(1602): CodeIgniter\Database\BaseConnection->query('SELECT *
FROM `order`
ORDER BY `order_id` ASC', [], false)
 2 SYSTEMPATH\Model.php(240): CodeIgniter\Database\BaseBuilder->get()
 3 SYSTEMPATH\BaseModel.php(618): CodeIgniter\Model->doFindAll(0, 0)
 4 APPPATH\Controllers\Sale.php(11): CodeIgniter\BaseModel->findAll()
 5 SYSTEMPATH\CodeIgniter.php(934): App\Controllers\Sale->sale_all()
 6 SYSTEMPATH\CodeIgniter.php(499): CodeIgniter\CodeIgniter->runController(Object(App\Controllers\Sale))
 7 SYSTEMPATH\CodeIgniter.php(368): CodeIgniter\CodeIgniter->handleRequest(null, Object(Config\Cache), false)
 8 FCPATH\index.php(67): CodeIgniter\CodeIgniter->run()
ERROR - 2023-02-23 04:49:43 --> mysqli_sql_exception: Table 'pms_db.order' doesn't exist in D:\xampp\htdocs\project\PMS\system\Database\MySQLi\Connection.php:295
Stack trace:
#0 D:\xampp\htdocs\project\PMS\system\Database\MySQLi\Connection.php(295): mysqli->query('SELECT *\nFROM `...', 0)
#1 D:\xampp\htdocs\project\PMS\system\Database\BaseConnection.php(691): CodeIgniter\Database\MySQLi\Connection->execute('SELECT *\nFROM `...')
#2 D:\xampp\htdocs\project\PMS\system\Database\BaseConnection.php(605): CodeIgniter\Database\BaseConnection->simpleQuery('SELECT *\nFROM `...')
#3 D:\xampp\htdocs\project\PMS\system\Database\BaseBuilder.php(1602): CodeIgniter\Database\BaseConnection->query('SELECT *\nFROM `...', Array, false)
#4 D:\xampp\htdocs\project\PMS\system\Model.php(240): CodeIgniter\Database\BaseBuilder->get()
#5 D:\xampp\htdocs\project\PMS\system\BaseModel.php(618): CodeIgniter\Model->doFindAll(0, 0)
#6 D:\xampp\htdocs\project\PMS\app\Controllers\Sale.php(11): CodeIgniter\BaseModel->findAll()
#7 D:\xampp\htdocs\project\PMS\system\CodeIgniter.php(934): App\Controllers\Sale->sale_all()
#8 D:\xampp\htdocs\project\PMS\system\CodeIgniter.php(499): CodeIgniter\CodeIgniter->runController(Object(App\Controllers\Sale))
#9 D:\xampp\htdocs\project\PMS\system\CodeIgniter.php(368): CodeIgniter\CodeIgniter->handleRequest(NULL, Object(Config\Cache), false)
#10 D:\xampp\htdocs\project\PMS\index.php(67): CodeIgniter\CodeIgniter->run()
#11 {main}
CRITICAL - 2023-02-23 04:49:43 --> Table 'pms_db.order' doesn't exist
in SYSTEMPATH\Database\BaseConnection.php on line 645.
 1 SYSTEMPATH\Database\BaseBuilder.php(1602): CodeIgniter\Database\BaseConnection->query('SELECT *
FROM `order`
ORDER BY `order_id` ASC', [], false)
 2 SYSTEMPATH\Model.php(240): CodeIgniter\Database\BaseBuilder->get()
 3 SYSTEMPATH\BaseModel.php(618): CodeIgniter\Model->doFindAll(0, 0)
 4 APPPATH\Controllers\Sale.php(11): CodeIgniter\BaseModel->findAll()
 5 SYSTEMPATH\CodeIgniter.php(934): App\Controllers\Sale->sale_all()
 6 SYSTEMPATH\CodeIgniter.php(499): CodeIgniter\CodeIgniter->runController(Object(App\Controllers\Sale))
 7 SYSTEMPATH\CodeIgniter.php(368): CodeIgniter\CodeIgniter->handleRequest(null, Object(Config\Cache), false)
 8 FCPATH\index.php(67): CodeIgniter\CodeIgniter->run()
ERROR - 2023-02-23 04:49:43 --> mysqli_sql_exception: Table 'pms_db.order' doesn't exist in D:\xampp\htdocs\project\PMS\system\Database\MySQLi\Connection.php:295
Stack trace:
#0 D:\xampp\htdocs\project\PMS\system\Database\MySQLi\Connection.php(295): mysqli->query('SELECT *\nFROM `...', 0)
#1 D:\xampp\htdocs\project\PMS\system\Database\BaseConnection.php(691): CodeIgniter\Database\MySQLi\Connection->execute('SELECT *\nFROM `...')
#2 D:\xampp\htdocs\project\PMS\system\Database\BaseConnection.php(605): CodeIgniter\Database\BaseConnection->simpleQuery('SELECT *\nFROM `...')
#3 D:\xampp\htdocs\project\PMS\system\Database\BaseBuilder.php(1602): CodeIgniter\Database\BaseConnection->query('SELECT *\nFROM `...', Array, false)
#4 D:\xampp\htdocs\project\PMS\system\Model.php(240): CodeIgniter\Database\BaseBuilder->get()
#5 D:\xampp\htdocs\project\PMS\system\BaseModel.php(618): CodeIgniter\Model->doFindAll(0, 0)
#6 D:\xampp\htdocs\project\PMS\app\Controllers\Sale.php(11): CodeIgniter\BaseModel->findAll()
#7 D:\xampp\htdocs\project\PMS\system\CodeIgniter.php(934): App\Controllers\Sale->sale_all()
#8 D:\xampp\htdocs\project\PMS\system\CodeIgniter.php(499): CodeIgniter\CodeIgniter->runController(Object(App\Controllers\Sale))
#9 D:\xampp\htdocs\project\PMS\system\CodeIgniter.php(368): CodeIgniter\CodeIgniter->handleRequest(NULL, Object(Config\Cache), false)
#10 D:\xampp\htdocs\project\PMS\index.php(67): CodeIgniter\CodeIgniter->run()
#11 {main}
CRITICAL - 2023-02-23 04:49:43 --> Table 'pms_db.order' doesn't exist
in SYSTEMPATH\Database\BaseConnection.php on line 645.
 1 SYSTEMPATH\Database\BaseBuilder.php(1602): CodeIgniter\Database\BaseConnection->query('SELECT *
FROM `order`
ORDER BY `order_id` ASC', [], false)
 2 SYSTEMPATH\Model.php(240): CodeIgniter\Database\BaseBuilder->get()
 3 SYSTEMPATH\BaseModel.php(618): CodeIgniter\Model->doFindAll(0, 0)
 4 APPPATH\Controllers\Sale.php(11): CodeIgniter\BaseModel->findAll()
 5 SYSTEMPATH\CodeIgniter.php(934): App\Controllers\Sale->sale_all()
 6 SYSTEMPATH\CodeIgniter.php(499): CodeIgniter\CodeIgniter->runController(Object(App\Controllers\Sale))
 7 SYSTEMPATH\CodeIgniter.php(368): CodeIgniter\CodeIgniter->handleRequest(null, Object(Config\Cache), false)
 8 FCPATH\index.php(67): CodeIgniter\CodeIgniter->run()
ERROR - 2023-02-23 04:50:05 --> mysqli_sql_exception: Table 'pms_db.order' doesn't exist in D:\xampp\htdocs\project\PMS\system\Database\MySQLi\Connection.php:295
Stack trace:
#0 D:\xampp\htdocs\project\PMS\system\Database\MySQLi\Connection.php(295): mysqli->query('SELECT *\nFROM `...', 0)
#1 D:\xampp\htdocs\project\PMS\system\Database\BaseConnection.php(691): CodeIgniter\Database\MySQLi\Connection->execute('SELECT *\nFROM `...')
#2 D:\xampp\htdocs\project\PMS\system\Database\BaseConnection.php(605): CodeIgniter\Database\BaseConnection->simpleQuery('SELECT *\nFROM `...')
#3 D:\xampp\htdocs\project\PMS\system\Database\BaseBuilder.php(1602): CodeIgniter\Database\BaseConnection->query('SELECT *\nFROM `...', Array, false)
#4 D:\xampp\htdocs\project\PMS\system\Model.php(240): CodeIgniter\Database\BaseBuilder->get()
#5 D:\xampp\htdocs\project\PMS\system\BaseModel.php(618): CodeIgniter\Model->doFindAll(0, 0)
#6 D:\xampp\htdocs\project\PMS\app\Controllers\Sale.php(11): CodeIgniter\BaseModel->findAll()
#7 D:\xampp\htdocs\project\PMS\system\CodeIgniter.php(934): App\Controllers\Sale->sale_all()
#8 D:\xampp\htdocs\project\PMS\system\CodeIgniter.php(499): CodeIgniter\CodeIgniter->runController(Object(App\Controllers\Sale))
#9 D:\xampp\htdocs\project\PMS\system\CodeIgniter.php(368): CodeIgniter\CodeIgniter->handleRequest(NULL, Object(Config\Cache), false)
#10 D:\xampp\htdocs\project\PMS\index.php(67): CodeIgniter\CodeIgniter->run()
#11 {main}
CRITICAL - 2023-02-23 04:50:05 --> Table 'pms_db.order' doesn't exist
in SYSTEMPATH\Database\BaseConnection.php on line 645.
 1 SYSTEMPATH\Database\BaseBuilder.php(1602): CodeIgniter\Database\BaseConnection->query('SELECT *
FROM `order`
ORDER BY `order_id` ASC', [], false)
 2 SYSTEMPATH\Model.php(240): CodeIgniter\Database\BaseBuilder->get()
 3 SYSTEMPATH\BaseModel.php(618): CodeIgniter\Model->doFindAll(0, 0)
 4 APPPATH\Controllers\Sale.php(11): CodeIgniter\BaseModel->findAll()
 5 SYSTEMPATH\CodeIgniter.php(934): App\Controllers\Sale->sale_all()
 6 SYSTEMPATH\CodeIgniter.php(499): CodeIgniter\CodeIgniter->runController(Object(App\Controllers\Sale))
 7 SYSTEMPATH\CodeIgniter.php(368): CodeIgniter\CodeIgniter->handleRequest(null, Object(Config\Cache), false)
 8 FCPATH\index.php(67): CodeIgniter\CodeIgniter->run()
ERROR - 2023-02-23 04:50:06 --> mysqli_sql_exception: Table 'pms_db.order' doesn't exist in D:\xampp\htdocs\project\PMS\system\Database\MySQLi\Connection.php:295
Stack trace:
#0 D:\xampp\htdocs\project\PMS\system\Database\MySQLi\Connection.php(295): mysqli->query('SELECT *\nFROM `...', 0)
#1 D:\xampp\htdocs\project\PMS\system\Database\BaseConnection.php(691): CodeIgniter\Database\MySQLi\Connection->execute('SELECT *\nFROM `...')
#2 D:\xampp\htdocs\project\PMS\system\Database\BaseConnection.php(605): CodeIgniter\Database\BaseConnection->simpleQuery('SELECT *\nFROM `...')
#3 D:\xampp\htdocs\project\PMS\system\Database\BaseBuilder.php(1602): CodeIgniter\Database\BaseConnection->query('SELECT *\nFROM `...', Array, false)
#4 D:\xampp\htdocs\project\PMS\system\Model.php(240): CodeIgniter\Database\BaseBuilder->get()
#5 D:\xampp\htdocs\project\PMS\system\BaseModel.php(618): CodeIgniter\Model->doFindAll(0, 0)
#6 D:\xampp\htdocs\project\PMS\app\Controllers\Sale.php(11): CodeIgniter\BaseModel->findAll()
#7 D:\xampp\htdocs\project\PMS\system\CodeIgniter.php(934): App\Controllers\Sale->sale_all()
#8 D:\xampp\htdocs\project\PMS\system\CodeIgniter.php(499): CodeIgniter\CodeIgniter->runController(Object(App\Controllers\Sale))
#9 D:\xampp\htdocs\project\PMS\system\CodeIgniter.php(368): CodeIgniter\CodeIgniter->handleRequest(NULL, Object(Config\Cache), false)
#10 D:\xampp\htdocs\project\PMS\index.php(67): CodeIgniter\CodeIgniter->run()
#11 {main}
CRITICAL - 2023-02-23 04:50:06 --> Table 'pms_db.order' doesn't exist
in SYSTEMPATH\Database\BaseConnection.php on line 645.
 1 SYSTEMPATH\Database\BaseBuilder.php(1602): CodeIgniter\Database\BaseConnection->query('SELECT *
FROM `order`
ORDER BY `order_id` ASC', [], false)
 2 SYSTEMPATH\Model.php(240): CodeIgniter\Database\BaseBuilder->get()
 3 SYSTEMPATH\BaseModel.php(618): CodeIgniter\Model->doFindAll(0, 0)
 4 APPPATH\Controllers\Sale.php(11): CodeIgniter\BaseModel->findAll()
 5 SYSTEMPATH\CodeIgniter.php(934): App\Controllers\Sale->sale_all()
 6 SYSTEMPATH\CodeIgniter.php(499): CodeIgniter\CodeIgniter->runController(Object(App\Controllers\Sale))
 7 SYSTEMPATH\CodeIgniter.php(368): CodeIgniter\CodeIgniter->handleRequest(null, Object(Config\Cache), false)
 8 FCPATH\index.php(67): CodeIgniter\CodeIgniter->run()
ERROR - 2023-02-23 07:16:09 --> mysqli_sql_exception: Table 'pms_db.pharmacy_qroup' doesn't exist in D:\xampp\htdocs\project\PMS\system\Database\MySQLi\Connection.php:295
Stack trace:
#0 D:\xampp\htdocs\project\PMS\system\Database\MySQLi\Connection.php(295): mysqli->query('SELECT *\nFROM `...', 0)
#1 D:\xampp\htdocs\project\PMS\system\Database\BaseConnection.php(691): CodeIgniter\Database\MySQLi\Connection->execute('SELECT *\nFROM `...')
#2 D:\xampp\htdocs\project\PMS\system\Database\BaseConnection.php(605): CodeIgniter\Database\BaseConnection->simpleQuery('SELECT *\nFROM `...')
#3 D:\xampp\htdocs\project\PMS\system\Database\BaseBuilder.php(1602): CodeIgniter\Database\BaseConnection->query('SELECT *\nFROM `...', Array, false)
#4 D:\xampp\htdocs\project\PMS\system\Model.php(240): CodeIgniter\Database\BaseBuilder->get()
#5 D:\xampp\htdocs\project\PMS\system\BaseModel.php(618): CodeIgniter\Model->doFindAll(0, 0)
#6 D:\xampp\htdocs\project\PMS\app\Controllers\Management.php(22): CodeIgniter\BaseModel->findAll()
#7 D:\xampp\htdocs\project\PMS\system\CodeIgniter.php(934): App\Controllers\Management->pharmacies_type()
#8 D:\xampp\htdocs\project\PMS\system\CodeIgniter.php(499): CodeIgniter\CodeIgniter->runController(Object(App\Controllers\Management))
#9 D:\xampp\htdocs\project\PMS\system\CodeIgniter.php(368): CodeIgniter\CodeIgniter->handleRequest(NULL, Object(Config\Cache), false)
#10 D:\xampp\htdocs\project\PMS\index.php(67): CodeIgniter\CodeIgniter->run()
#11 {main}
CRITICAL - 2023-02-23 07:16:09 --> Table 'pms_db.pharmacy_qroup' doesn't exist
in SYSTEMPATH\Database\BaseConnection.php on line 645.
 1 SYSTEMPATH\Database\BaseBuilder.php(1602): CodeIgniter\Database\BaseConnection->query('SELECT *
FROM `pharmacy_qroup`
ORDER BY `id_pharmacy_type` ASC', [], false)
 2 SYSTEMPATH\Model.php(240): CodeIgniter\Database\BaseBuilder->get()
 3 SYSTEMPATH\BaseModel.php(618): CodeIgniter\Model->doFindAll(0, 0)
 4 APPPATH\Controllers\Management.php(22): CodeIgniter\BaseModel->findAll()
 5 SYSTEMPATH\CodeIgniter.php(934): App\Controllers\Management->pharmacies_type()
 6 SYSTEMPATH\CodeIgniter.php(499): CodeIgniter\CodeIgniter->runController(Object(App\Controllers\Management))
 7 SYSTEMPATH\CodeIgniter.php(368): CodeIgniter\CodeIgniter->handleRequest(null, Object(Config\Cache), false)
 8 FCPATH\index.php(67): CodeIgniter\CodeIgniter->run()
CRITICAL - 2023-02-23 07:56:28 --> Undefined array key "telno"
in APPPATH\Controllers\Users.php on line 28.
 1 APPPATH\Controllers\Users.php(28): CodeIgniter\Debug\Exceptions->errorHandler(2, 'Undefined array key "telno"', 'APPPATH\\Controllers\\Users.php', 28)
 2 SYSTEMPATH\CodeIgniter.php(934): App\Controllers\Users->add_user()
 3 SYSTEMPATH\CodeIgniter.php(499): CodeIgniter\CodeIgniter->runController(Object(App\Controllers\Users))
 4 SYSTEMPATH\CodeIgniter.php(368): CodeIgniter\CodeIgniter->handleRequest(null, Object(Config\Cache), false)
 5 FCPATH\index.php(67): CodeIgniter\CodeIgniter->run()
CRITICAL - 2023-02-23 07:57:33 --> Undefined array key "telno"
in APPPATH\Controllers\Users.php on line 28.
 1 APPPATH\Controllers\Users.php(28): CodeIgniter\Debug\Exceptions->errorHandler(2, 'Undefined array key "telno"', 'APPPATH\\Controllers\\Users.php', 28)
 2 SYSTEMPATH\CodeIgniter.php(934): App\Controllers\Users->add_user()
 3 SYSTEMPATH\CodeIgniter.php(499): CodeIgniter\CodeIgniter->runController(Object(App\Controllers\Users))
 4 SYSTEMPATH\CodeIgniter.php(368): CodeIgniter\CodeIgniter->handleRequest(null, Object(Config\Cache), false)
 5 FCPATH\index.php(67): CodeIgniter\CodeIgniter->run()
CRITICAL - 2023-02-23 07:57:35 --> Undefined array key "telno"
in APPPATH\Controllers\Users.php on line 28.
 1 APPPATH\Controllers\Users.php(28): CodeIgniter\Debug\Exceptions->errorHandler(2, 'Undefined array key "telno"', 'APPPATH\\Controllers\\Users.php', 28)
 2 SYSTEMPATH\CodeIgniter.php(934): App\Controllers\Users->add_user()
 3 SYSTEMPATH\CodeIgniter.php(499): CodeIgniter\CodeIgniter->runController(Object(App\Controllers\Users))
 4 SYSTEMPATH\CodeIgniter.php(368): CodeIgniter\CodeIgniter->handleRequest(null, Object(Config\Cache), false)
 5 FCPATH\index.php(67): CodeIgniter\CodeIgniter->run()
CRITICAL - 2023-02-23 07:57:35 --> Undefined array key "telno"
in APPPATH\Controllers\Users.php on line 28.
 1 APPPATH\Controllers\Users.php(28): CodeIgniter\Debug\Exceptions->errorHandler(2, 'Undefined array key "telno"', 'APPPATH\\Controllers\\Users.php', 28)
 2 SYSTEMPATH\CodeIgniter.php(934): App\Controllers\Users->add_user()
 3 SYSTEMPATH\CodeIgniter.php(499): CodeIgniter\CodeIgniter->runController(Object(App\Controllers\Users))
 4 SYSTEMPATH\CodeIgniter.php(368): CodeIgniter\CodeIgniter->handleRequest(null, Object(Config\Cache), false)
 5 FCPATH\index.php(67): CodeIgniter\CodeIgniter->run()
CRITICAL - 2023-02-23 07:57:35 --> Undefined array key "telno"
in APPPATH\Controllers\Users.php on line 28.
 1 APPPATH\Controllers\Users.php(28): CodeIgniter\Debug\Exceptions->errorHandler(2, 'Undefined array key "telno"', 'APPPATH\\Controllers\\Users.php', 28)
 2 SYSTEMPATH\CodeIgniter.php(934): App\Controllers\Users->add_user()
 3 SYSTEMPATH\CodeIgniter.php(499): CodeIgniter\CodeIgniter->runController(Object(App\Controllers\Users))
 4 SYSTEMPATH\CodeIgniter.php(368): CodeIgniter\CodeIgniter->handleRequest(null, Object(Config\Cache), false)
 5 FCPATH\index.php(67): CodeIgniter\CodeIgniter->run()
CRITICAL - 2023-02-23 07:57:36 --> Undefined array key "telno"
in APPPATH\Controllers\Users.php on line 28.
 1 APPPATH\Controllers\Users.php(28): CodeIgniter\Debug\Exceptions->errorHandler(2, 'Undefined array key "telno"', 'APPPATH\\Controllers\\Users.php', 28)
 2 SYSTEMPATH\CodeIgniter.php(934): App\Controllers\Users->add_user()
 3 SYSTEMPATH\CodeIgniter.php(499): CodeIgniter\CodeIgniter->runController(Object(App\Controllers\Users))
 4 SYSTEMPATH\CodeIgniter.php(368): CodeIgniter\CodeIgniter->handleRequest(null, Object(Config\Cache), false)
 5 FCPATH\index.php(67): CodeIgniter\CodeIgniter->run()
CRITICAL - 2023-02-23 07:57:36 --> Undefined array key "telno"
in APPPATH\Controllers\Users.php on line 28.
 1 APPPATH\Controllers\Users.php(28): CodeIgniter\Debug\Exceptions->errorHandler(2, 'Undefined array key "telno"', 'APPPATH\\Controllers\\Users.php', 28)
 2 SYSTEMPATH\CodeIgniter.php(934): App\Controllers\Users->add_user()
 3 SYSTEMPATH\CodeIgniter.php(499): CodeIgniter\CodeIgniter->runController(Object(App\Controllers\Users))
 4 SYSTEMPATH\CodeIgniter.php(368): CodeIgniter\CodeIgniter->handleRequest(null, Object(Config\Cache), false)
 5 FCPATH\index.php(67): CodeIgniter\CodeIgniter->run()
CRITICAL - 2023-02-23 07:57:36 --> Undefined array key "telno"
in APPPATH\Controllers\Users.php on line 28.
 1 APPPATH\Controllers\Users.php(28): CodeIgniter\Debug\Exceptions->errorHandler(2, 'Undefined array key "telno"', 'APPPATH\\Controllers\\Users.php', 28)
 2 SYSTEMPATH\CodeIgniter.php(934): App\Controllers\Users->add_user()
 3 SYSTEMPATH\CodeIgniter.php(499): CodeIgniter\CodeIgniter->runController(Object(App\Controllers\Users))
 4 SYSTEMPATH\CodeIgniter.php(368): CodeIgniter\CodeIgniter->handleRequest(null, Object(Config\Cache), false)
 5 FCPATH\index.php(67): CodeIgniter\CodeIgniter->run()
CRITICAL - 2023-02-23 08:09:54 --> Undefined array key "telno"
in APPPATH\Controllers\Users.php on line 31.
 1 APPPATH\Controllers\Users.php(31): CodeIgniter\Debug\Exceptions->errorHandler(2, 'Undefined array key "telno"', 'APPPATH\\Controllers\\Users.php', 31)
 2 SYSTEMPATH\CodeIgniter.php(934): App\Controllers\Users->add_user()
 3 SYSTEMPATH\CodeIgniter.php(499): CodeIgniter\CodeIgniter->runController(Object(App\Controllers\Users))
 4 SYSTEMPATH\CodeIgniter.php(368): CodeIgniter\CodeIgniter->handleRequest(null, Object(Config\Cache), false)
 5 FCPATH\index.php(67): CodeIgniter\CodeIgniter->run()
CRITICAL - 2023-02-23 08:09:56 --> Undefined array key "telno"
in APPPATH\Controllers\Users.php on line 31.
 1 APPPATH\Controllers\Users.php(31): CodeIgniter\Debug\Exceptions->errorHandler(2, 'Undefined array key "telno"', 'APPPATH\\Controllers\\Users.php', 31)
 2 SYSTEMPATH\CodeIgniter.php(934): App\Controllers\Users->add_user()
 3 SYSTEMPATH\CodeIgniter.php(499): CodeIgniter\CodeIgniter->runController(Object(App\Controllers\Users))
 4 SYSTEMPATH\CodeIgniter.php(368): CodeIgniter\CodeIgniter->handleRequest(null, Object(Config\Cache), false)
 5 FCPATH\index.php(67): CodeIgniter\CodeIgniter->run()
CRITICAL - 2023-02-23 08:09:56 --> Undefined array key "telno"
in APPPATH\Controllers\Users.php on line 31.
 1 APPPATH\Controllers\Users.php(31): CodeIgniter\Debug\Exceptions->errorHandler(2, 'Undefined array key "telno"', 'APPPATH\\Controllers\\Users.php', 31)
 2 SYSTEMPATH\CodeIgniter.php(934): App\Controllers\Users->add_user()
 3 SYSTEMPATH\CodeIgniter.php(499): CodeIgniter\CodeIgniter->runController(Object(App\Controllers\Users))
 4 SYSTEMPATH\CodeIgniter.php(368): CodeIgniter\CodeIgniter->handleRequest(null, Object(Config\Cache), false)
 5 FCPATH\index.php(67): CodeIgniter\CodeIgniter->run()
CRITICAL - 2023-02-23 08:09:56 --> Undefined array key "telno"
in APPPATH\Controllers\Users.php on line 31.
 1 APPPATH\Controllers\Users.php(31): CodeIgniter\Debug\Exceptions->errorHandler(2, 'Undefined array key "telno"', 'APPPATH\\Controllers\\Users.php', 31)
 2 SYSTEMPATH\CodeIgniter.php(934): App\Controllers\Users->add_user()
 3 SYSTEMPATH\CodeIgniter.php(499): CodeIgniter\CodeIgniter->runController(Object(App\Controllers\Users))
 4 SYSTEMPATH\CodeIgniter.php(368): CodeIgniter\CodeIgniter->handleRequest(null, Object(Config\Cache), false)
 5 FCPATH\index.php(67): CodeIgniter\CodeIgniter->run()
CRITICAL - 2023-02-23 08:09:57 --> Undefined array key "telno"
in APPPATH\Controllers\Users.php on line 31.
 1 APPPATH\Controllers\Users.php(31): CodeIgniter\Debug\Exceptions->errorHandler(2, 'Undefined array key "telno"', 'APPPATH\\Controllers\\Users.php', 31)
 2 SYSTEMPATH\CodeIgniter.php(934): App\Controllers\Users->add_user()
 3 SYSTEMPATH\CodeIgniter.php(499): CodeIgniter\CodeIgniter->runController(Object(App\Controllers\Users))
 4 SYSTEMPATH\CodeIgniter.php(368): CodeIgniter\CodeIgniter->handleRequest(null, Object(Config\Cache), false)
 5 FCPATH\index.php(67): CodeIgniter\CodeIgniter->run()
ERROR - 2023-02-23 08:44:55 --> mysqli_sql_exception: Table 'pms_db.pharmacy_qroup' doesn't exist in D:\xampp\htdocs\project\PMS\system\Database\MySQLi\Connection.php:295
Stack trace:
#0 D:\xampp\htdocs\project\PMS\system\Database\MySQLi\Connection.php(295): mysqli->query('SELECT *\nFROM `...', 0)
#1 D:\xampp\htdocs\project\PMS\system\Database\BaseConnection.php(691): CodeIgniter\Database\MySQLi\Connection->execute('SELECT *\nFROM `...')
#2 D:\xampp\htdocs\project\PMS\system\Database\BaseConnection.php(605): CodeIgniter\Database\BaseConnection->simpleQuery('SELECT *\nFROM `...')
#3 D:\xampp\htdocs\project\PMS\system\Database\BaseBuilder.php(1602): CodeIgniter\Database\BaseConnection->query('SELECT *\nFROM `...', Array, false)
#4 D:\xampp\htdocs\project\PMS\system\Model.php(240): CodeIgniter\Database\BaseBuilder->get()
#5 D:\xampp\htdocs\project\PMS\system\BaseModel.php(618): CodeIgniter\Model->doFindAll(0, 0)
#6 D:\xampp\htdocs\project\PMS\app\Controllers\Management.php(22): CodeIgniter\BaseModel->findAll()
#7 D:\xampp\htdocs\project\PMS\system\CodeIgniter.php(934): App\Controllers\Management->pharmacies_type()
#8 D:\xampp\htdocs\project\PMS\system\CodeIgniter.php(499): CodeIgniter\CodeIgniter->runController(Object(App\Controllers\Management))
#9 D:\xampp\htdocs\project\PMS\system\CodeIgniter.php(368): CodeIgniter\CodeIgniter->handleRequest(NULL, Object(Config\Cache), false)
#10 D:\xampp\htdocs\project\PMS\index.php(67): CodeIgniter\CodeIgniter->run()
#11 {main}
CRITICAL - 2023-02-23 08:44:55 --> Table 'pms_db.pharmacy_qroup' doesn't exist
in SYSTEMPATH\Database\BaseConnection.php on line 645.
 1 SYSTEMPATH\Database\BaseBuilder.php(1602): CodeIgniter\Database\BaseConnection->query('SELECT *
FROM `pharmacy_qroup`
ORDER BY `id_pharmacy_type` ASC', [], false)
 2 SYSTEMPATH\Model.php(240): CodeIgniter\Database\BaseBuilder->get()
 3 SYSTEMPATH\BaseModel.php(618): CodeIgniter\Model->doFindAll(0, 0)
 4 APPPATH\Controllers\Management.php(22): CodeIgniter\BaseModel->findAll()
 5 SYSTEMPATH\CodeIgniter.php(934): App\Controllers\Management->pharmacies_type()
 6 SYSTEMPATH\CodeIgniter.php(499): CodeIgniter\CodeIgniter->runController(Object(App\Controllers\Management))
 7 SYSTEMPATH\CodeIgniter.php(368): CodeIgniter\CodeIgniter->handleRequest(null, Object(Config\Cache), false)
 8 FCPATH\index.php(67): CodeIgniter\CodeIgniter->run()
