CRITICAL - 2023-02-22 09:01:49 --> Undefined variable $pharmacies_type
in APPPATH\Views\basic_management\pharmacy_type.php on line 31.
 1 APPPATH\Views\basic_management\pharmacy_type.php(31): CodeIgniter\Debug\Exceptions->errorHandler(2, 'Undefined variable $pharmacies_type', 'APPPATH\\Views\\basic_management\\pharmacy_type.php', 31)
 2 SYSTEMPATH\View\View.php(213): include('APPPATH\\Views\\basic_management\\pharmacy_type.php')
 3 SYSTEMPATH\View\View.php(216): CodeIgniter\View\View->CodeIgniter\View\{closure}()
 4 SYSTEMPATH\Common.php(1177): CodeIgniter\View\View->render('basic_management/pharmacy_type', [], true)
 5 APPPATH\Controllers\Management.php(18): view('basic_management/pharmacy_type')
 6 SYSTEMPATH\CodeIgniter.php(934): App\Controllers\Management->pharmacies_type()
 7 SYSTEMPATH\CodeIgniter.php(499): CodeIgniter\CodeIgniter->runController(Object(App\Controllers\Management))
 8 SYSTEMPATH\CodeIgniter.php(368): CodeIgniter\CodeIgniter->handleRequest(null, Object(Config\Cache), false)
 9 FCPATH\index.php(67): CodeIgniter\CodeIgniter->run()
CRITICAL - 2023-02-22 09:03:45 --> Undefined variable $pharmacies_type
in APPPATH\Views\basic_management\pharmacy_type.php on line 31.
 1 APPPATH\Views\basic_management\pharmacy_type.php(31): CodeIgniter\Debug\Exceptions->errorHandler(2, 'Undefined variable $pharmacies_type', 'APPPATH\\Views\\basic_management\\pharmacy_type.php', 31)
 2 SYSTEMPATH\View\View.php(213): include('APPPATH\\Views\\basic_management\\pharmacy_type.php')
 3 SYSTEMPATH\View\View.php(216): CodeIgniter\View\View->CodeIgniter\View\{closure}()
 4 SYSTEMPATH\Common.php(1177): CodeIgniter\View\View->render('basic_management/pharmacy_type.php', [], true)
 5 APPPATH\Controllers\Management.php(18): view('basic_management/pharmacy_type.php')
 6 SYSTEMPATH\CodeIgniter.php(934): App\Controllers\Management->pharmacies_type()
 7 SYSTEMPATH\CodeIgniter.php(499): CodeIgniter\CodeIgniter->runController(Object(App\Controllers\Management))
 8 SYSTEMPATH\CodeIgniter.php(368): CodeIgniter\CodeIgniter->handleRequest(null, Object(Config\Cache), false)
 9 FCPATH\index.php(67): CodeIgniter\CodeIgniter->run()
CRITICAL - 2023-02-22 09:04:11 --> Undefined variable $pharmacies_type
in APPPATH\Views\basic_management\pharmacy_type.php on line 31.
 1 APPPATH\Views\basic_management\pharmacy_type.php(31): CodeIgniter\Debug\Exceptions->errorHandler(2, 'Undefined variable $pharmacies_type', 'APPPATH\\Views\\basic_management\\pharmacy_type.php', 31)
 2 SYSTEMPATH\View\View.php(213): include('APPPATH\\Views\\basic_management\\pharmacy_type.php')
 3 SYSTEMPATH\View\View.php(216): CodeIgniter\View\View->CodeIgniter\View\{closure}()
 4 SYSTEMPATH\Common.php(1177): CodeIgniter\View\View->render('basic_management/pharmacy_type.php', [], true)
 5 APPPATH\Controllers\Management.php(18): view('basic_management/pharmacy_type.php')
 6 SYSTEMPATH\CodeIgniter.php(934): App\Controllers\Management->pharmacies_type()
 7 SYSTEMPATH\CodeIgniter.php(499): CodeIgniter\CodeIgniter->runController(Object(App\Controllers\Management))
 8 SYSTEMPATH\CodeIgniter.php(368): CodeIgniter\CodeIgniter->handleRequest(null, Object(Config\Cache), false)
 9 FCPATH\index.php(67): CodeIgniter\CodeIgniter->run()
CRITICAL - 2023-02-22 09:04:12 --> Undefined variable $pharmacies_type
in APPPATH\Views\basic_management\pharmacy_type.php on line 31.
 1 APPPATH\Views\basic_management\pharmacy_type.php(31): CodeIgniter\Debug\Exceptions->errorHandler(2, 'Undefined variable $pharmacies_type', 'APPPATH\\Views\\basic_management\\pharmacy_type.php', 31)
 2 SYSTEMPATH\View\View.php(213): include('APPPATH\\Views\\basic_management\\pharmacy_type.php')
 3 SYSTEMPATH\View\View.php(216): CodeIgniter\View\View->CodeIgniter\View\{closure}()
 4 SYSTEMPATH\Common.php(1177): CodeIgniter\View\View->render('basic_management/pharmacy_type.php', [], true)
 5 APPPATH\Controllers\Management.php(18): view('basic_management/pharmacy_type.php')
 6 SYSTEMPATH\CodeIgniter.php(934): App\Controllers\Management->pharmacies_type()
 7 SYSTEMPATH\CodeIgniter.php(499): CodeIgniter\CodeIgniter->runController(Object(App\Controllers\Management))
 8 SYSTEMPATH\CodeIgniter.php(368): CodeIgniter\CodeIgniter->handleRequest(null, Object(Config\Cache), false)
 9 FCPATH\index.php(67): CodeIgniter\CodeIgniter->run()
CRITICAL - 2023-02-22 09:07:37 --> Undefined variable $pharmacies_type
in APPPATH\Views\basic_management\pharmacy_type.php on line 31.
 1 APPPATH\Views\basic_management\pharmacy_type.php(31): CodeIgniter\Debug\Exceptions->errorHandler(2, 'Undefined variable $pharmacies_type', 'APPPATH\\Views\\basic_management\\pharmacy_type.php', 31)
 2 SYSTEMPATH\View\View.php(213): include('APPPATH\\Views\\basic_management\\pharmacy_type.php')
 3 SYSTEMPATH\View\View.php(216): CodeIgniter\View\View->CodeIgniter\View\{closure}()
 4 SYSTEMPATH\Common.php(1177): CodeIgniter\View\View->render('basic_management/pharmacy_type.php', [], true)
 5 APPPATH\Controllers\Management.php(23): view('basic_management/pharmacy_type.php', [...])
 6 SYSTEMPATH\CodeIgniter.php(934): App\Controllers\Management->pharmacies_type()
 7 SYSTEMPATH\CodeIgniter.php(499): CodeIgniter\CodeIgniter->runController(Object(App\Controllers\Management))
 8 SYSTEMPATH\CodeIgniter.php(368): CodeIgniter\CodeIgniter->handleRequest(null, Object(Config\Cache), false)
 9 FCPATH\index.php(67): CodeIgniter\CodeIgniter->run()
CRITICAL - 2023-02-22 09:07:41 --> Undefined variable $pharmacies_type
in APPPATH\Views\basic_management\pharmacy_type.php on line 31.
 1 APPPATH\Views\basic_management\pharmacy_type.php(31): CodeIgniter\Debug\Exceptions->errorHandler(2, 'Undefined variable $pharmacies_type', 'APPPATH\\Views\\basic_management\\pharmacy_type.php', 31)
 2 SYSTEMPATH\View\View.php(213): include('APPPATH\\Views\\basic_management\\pharmacy_type.php')
 3 SYSTEMPATH\View\View.php(216): CodeIgniter\View\View->CodeIgniter\View\{closure}()
 4 SYSTEMPATH\Common.php(1177): CodeIgniter\View\View->render('basic_management/pharmacy_type.php', [], true)
 5 APPPATH\Controllers\Management.php(23): view('basic_management/pharmacy_type.php', [...])
 6 SYSTEMPATH\CodeIgniter.php(934): App\Controllers\Management->pharmacies_type()
 7 SYSTEMPATH\CodeIgniter.php(499): CodeIgniter\CodeIgniter->runController(Object(App\Controllers\Management))
 8 SYSTEMPATH\CodeIgniter.php(368): CodeIgniter\CodeIgniter->handleRequest(null, Object(Config\Cache), false)
 9 FCPATH\index.php(67): CodeIgniter\CodeIgniter->run()
CRITICAL - 2023-02-22 09:07:53 --> syntax error, unexpected token "public"
in APPPATH\Controllers\Management.php on line 27.
 1 SYSTEMPATH\Autoloader\Autoloader.php(289): CodeIgniter\Autoloader\Autoloader->includeFile('APPPATH\\Controllers\\Management.php')
 2 SYSTEMPATH\Autoloader\Autoloader.php(267): CodeIgniter\Autoloader\Autoloader->loadInNamespace('App\\Controllers\\Management')
 3 [internal function]: CodeIgniter\Autoloader\Autoloader->loadClass('App\\Controllers\\Management')
 4 SYSTEMPATH\CodeIgniter.php(892): class_exists('\\App\\Controllers\\Management', true)
 5 SYSTEMPATH\CodeIgniter.php(486): CodeIgniter\CodeIgniter->startController()
 6 SYSTEMPATH\CodeIgniter.php(368): CodeIgniter\CodeIgniter->handleRequest(null, Object(Config\Cache), false)
 7 FCPATH\index.php(67): CodeIgniter\CodeIgniter->run()
CRITICAL - 2023-02-22 09:07:57 --> syntax error, unexpected token "public"
in APPPATH\Controllers\Management.php on line 27.
 1 SYSTEMPATH\Autoloader\Autoloader.php(289): CodeIgniter\Autoloader\Autoloader->includeFile('APPPATH\\Controllers\\Management.php')
 2 SYSTEMPATH\Autoloader\Autoloader.php(267): CodeIgniter\Autoloader\Autoloader->loadInNamespace('App\\Controllers\\Management')
 3 [internal function]: CodeIgniter\Autoloader\Autoloader->loadClass('App\\Controllers\\Management')
 4 SYSTEMPATH\CodeIgniter.php(892): class_exists('\\App\\Controllers\\Management', true)
 5 SYSTEMPATH\CodeIgniter.php(486): CodeIgniter\CodeIgniter->startController()
 6 SYSTEMPATH\CodeIgniter.php(368): CodeIgniter\CodeIgniter->handleRequest(null, Object(Config\Cache), false)
 7 FCPATH\index.php(67): CodeIgniter\CodeIgniter->run()
CRITICAL - 2023-02-22 09:07:57 --> syntax error, unexpected token "public"
in APPPATH\Controllers\Management.php on line 27.
 1 SYSTEMPATH\Autoloader\Autoloader.php(289): CodeIgniter\Autoloader\Autoloader->includeFile('APPPATH\\Controllers\\Management.php')
 2 SYSTEMPATH\Autoloader\Autoloader.php(267): CodeIgniter\Autoloader\Autoloader->loadInNamespace('App\\Controllers\\Management')
 3 [internal function]: CodeIgniter\Autoloader\Autoloader->loadClass('App\\Controllers\\Management')
 4 SYSTEMPATH\CodeIgniter.php(892): class_exists('\\App\\Controllers\\Management', true)
 5 SYSTEMPATH\CodeIgniter.php(486): CodeIgniter\CodeIgniter->startController()
 6 SYSTEMPATH\CodeIgniter.php(368): CodeIgniter\CodeIgniter->handleRequest(null, Object(Config\Cache), false)
 7 FCPATH\index.php(67): CodeIgniter\CodeIgniter->run()
CRITICAL - 2023-02-22 09:08:32 --> Undefined array key "id_pharmacy_type "
in APPPATH\Views\basic_management\pharmacy_type.php on line 48.
 1 APPPATH\Views\basic_management\pharmacy_type.php(48): CodeIgniter\Debug\Exceptions->errorHandler(2, 'Undefined array key "id_pharmacy_type "', 'APPPATH\\Views\\basic_management\\pharmacy_type.php', 48)
 2 SYSTEMPATH\View\View.php(213): include('APPPATH\\Views\\basic_management\\pharmacy_type.php')
 3 SYSTEMPATH\View\View.php(216): CodeIgniter\View\View->CodeIgniter\View\{closure}()
 4 SYSTEMPATH\Common.php(1177): CodeIgniter\View\View->render('basic_management/pharmacy_type.php', [], true)
 5 APPPATH\Controllers\Management.php(23): view('basic_management/pharmacy_type.php', [...])
 6 SYSTEMPATH\CodeIgniter.php(934): App\Controllers\Management->pharmacies_type()
 7 SYSTEMPATH\CodeIgniter.php(499): CodeIgniter\CodeIgniter->runController(Object(App\Controllers\Management))
 8 SYSTEMPATH\CodeIgniter.php(368): CodeIgniter\CodeIgniter->handleRequest(null, Object(Config\Cache), false)
 9 FCPATH\index.php(67): CodeIgniter\CodeIgniter->run()
CRITICAL - 2023-02-22 09:11:54 --> Undefined array key "id_pharmacy_type "
in APPPATH\Views\basic_management\pharmacy_type.php on line 48.
 1 APPPATH\Views\basic_management\pharmacy_type.php(48): CodeIgniter\Debug\Exceptions->errorHandler(2, 'Undefined array key "id_pharmacy_type "', 'APPPATH\\Views\\basic_management\\pharmacy_type.php', 48)
 2 SYSTEMPATH\View\View.php(213): include('APPPATH\\Views\\basic_management\\pharmacy_type.php')
 3 SYSTEMPATH\View\View.php(216): CodeIgniter\View\View->CodeIgniter\View\{closure}()
 4 SYSTEMPATH\Common.php(1177): CodeIgniter\View\View->render('basic_management/pharmacy_type.php', [], true)
 5 APPPATH\Controllers\Management.php(23): view('basic_management/pharmacy_type.php', [...])
 6 SYSTEMPATH\CodeIgniter.php(934): App\Controllers\Management->pharmacies_type()
 7 SYSTEMPATH\CodeIgniter.php(499): CodeIgniter\CodeIgniter->runController(Object(App\Controllers\Management))
 8 SYSTEMPATH\CodeIgniter.php(368): CodeIgniter\CodeIgniter->handleRequest(null, Object(Config\Cache), false)
 9 FCPATH\index.php(67): CodeIgniter\CodeIgniter->run()
CRITICAL - 2023-02-22 09:12:15 --> Undefined array key "id_pharmacy_type "
in APPPATH\Views\basic_management\pharmacy_type.php on line 48.
 1 APPPATH\Views\basic_management\pharmacy_type.php(48): CodeIgniter\Debug\Exceptions->errorHandler(2, 'Undefined array key "id_pharmacy_type "', 'APPPATH\\Views\\basic_management\\pharmacy_type.php', 48)
 2 SYSTEMPATH\View\View.php(213): include('APPPATH\\Views\\basic_management\\pharmacy_type.php')
 3 SYSTEMPATH\View\View.php(216): CodeIgniter\View\View->CodeIgniter\View\{closure}()
 4 SYSTEMPATH\Common.php(1177): CodeIgniter\View\View->render('basic_management/pharmacy_type.php', [], true)
 5 APPPATH\Controllers\Management.php(23): view('basic_management/pharmacy_type.php', [...])
 6 SYSTEMPATH\CodeIgniter.php(934): App\Controllers\Management->pharmacies_type()
 7 SYSTEMPATH\CodeIgniter.php(499): CodeIgniter\CodeIgniter->runController(Object(App\Controllers\Management))
 8 SYSTEMPATH\CodeIgniter.php(368): CodeIgniter\CodeIgniter->handleRequest(null, Object(Config\Cache), false)
 9 FCPATH\index.php(67): CodeIgniter\CodeIgniter->run()
CRITICAL - 2023-02-22 09:12:41 --> Undefined array key "id_pharmacy_type "
in APPPATH\Views\basic_management\pharmacy_type.php on line 48.
 1 APPPATH\Views\basic_management\pharmacy_type.php(48): CodeIgniter\Debug\Exceptions->errorHandler(2, 'Undefined array key "id_pharmacy_type "', 'APPPATH\\Views\\basic_management\\pharmacy_type.php', 48)
 2 SYSTEMPATH\View\View.php(213): include('APPPATH\\Views\\basic_management\\pharmacy_type.php')
 3 SYSTEMPATH\View\View.php(216): CodeIgniter\View\View->CodeIgniter\View\{closure}()
 4 SYSTEMPATH\Common.php(1177): CodeIgniter\View\View->render('basic_management/pharmacy_type.php', [], true)
 5 APPPATH\Controllers\Management.php(23): view('basic_management/pharmacy_type.php', [...])
 6 SYSTEMPATH\CodeIgniter.php(934): App\Controllers\Management->pharmacies_type()
 7 SYSTEMPATH\CodeIgniter.php(499): CodeIgniter\CodeIgniter->runController(Object(App\Controllers\Management))
 8 SYSTEMPATH\CodeIgniter.php(368): CodeIgniter\CodeIgniter->handleRequest(null, Object(Config\Cache), false)
 9 FCPATH\index.php(67): CodeIgniter\CodeIgniter->run()
CRITICAL - 2023-02-22 09:17:16 --> Undefined variable $recive_list
in APPPATH\Views\basic_management\recive_type.php on line 34.
 1 APPPATH\Views\basic_management\recive_type.php(34): CodeIgniter\Debug\Exceptions->errorHandler(2, 'Undefined variable $recive_list', 'APPPATH\\Views\\basic_management\\recive_type.php', 34)
 2 SYSTEMPATH\View\View.php(213): include('APPPATH\\Views\\basic_management\\recive_type.php')
 3 SYSTEMPATH\View\View.php(216): CodeIgniter\View\View->CodeIgniter\View\{closure}()
 4 SYSTEMPATH\Common.php(1177): CodeIgniter\View\View->render('basic_management/recive_type.php', [], true)
 5 APPPATH\Controllers\Management.php(30): view('basic_management/recive_type.php')
 6 SYSTEMPATH\CodeIgniter.php(934): App\Controllers\Management->recive_type()
 7 SYSTEMPATH\CodeIgniter.php(499): CodeIgniter\CodeIgniter->runController(Object(App\Controllers\Management))
 8 SYSTEMPATH\CodeIgniter.php(368): CodeIgniter\CodeIgniter->handleRequest(null, Object(Config\Cache), false)
 9 FCPATH\index.php(67): CodeIgniter\CodeIgniter->run()
CRITICAL - 2023-02-22 09:24:19 --> Undefined variable $recive_type_list
in APPPATH\Views\basic_management\recive_type.php on line 34.
 1 APPPATH\Views\basic_management\recive_type.php(34): CodeIgniter\Debug\Exceptions->errorHandler(2, 'Undefined variable $recive_type_list', 'APPPATH\\Views\\basic_management\\recive_type.php', 34)
 2 SYSTEMPATH\View\View.php(213): include('APPPATH\\Views\\basic_management\\recive_type.php')
 3 SYSTEMPATH\View\View.php(216): CodeIgniter\View\View->CodeIgniter\View\{closure}()
 4 SYSTEMPATH\Common.php(1177): CodeIgniter\View\View->render('basic_management/recive_type.php', [], true)
 5 APPPATH\Controllers\Management.php(30): view('basic_management/recive_type.php')
 6 SYSTEMPATH\CodeIgniter.php(934): App\Controllers\Management->recive_type()
 7 SYSTEMPATH\CodeIgniter.php(499): CodeIgniter\CodeIgniter->runController(Object(App\Controllers\Management))
 8 SYSTEMPATH\CodeIgniter.php(368): CodeIgniter\CodeIgniter->handleRequest(null, Object(Config\Cache), false)
 9 FCPATH\index.php(67): CodeIgniter\CodeIgniter->run()
CRITICAL - 2023-02-22 09:26:16 --> Undefined variable $user_role
in APPPATH\Views\basic_management\user_role.php on line 32.
 1 APPPATH\Views\basic_management\user_role.php(32): CodeIgniter\Debug\Exceptions->errorHandler(2, 'Undefined variable $user_role', 'APPPATH\\Views\\basic_management\\user_role.php', 32)
 2 SYSTEMPATH\View\View.php(213): include('APPPATH\\Views\\basic_management\\user_role.php')
 3 SYSTEMPATH\View\View.php(216): CodeIgniter\View\View->CodeIgniter\View\{closure}()
 4 SYSTEMPATH\Common.php(1177): CodeIgniter\View\View->render('basic_management/user_role.php', [], true)
 5 APPPATH\Controllers\Management.php(41): view('basic_management/user_role.php')
 6 SYSTEMPATH\CodeIgniter.php(934): App\Controllers\Management->user_role()
 7 SYSTEMPATH\CodeIgniter.php(499): CodeIgniter\CodeIgniter->runController(Object(App\Controllers\Management))
 8 SYSTEMPATH\CodeIgniter.php(368): CodeIgniter\CodeIgniter->handleRequest(null, Object(Config\Cache), false)
 9 FCPATH\index.php(67): CodeIgniter\CodeIgniter->run()
CRITICAL - 2023-02-22 09:26:33 --> Undefined variable $user_role
in APPPATH\Views\basic_management\user_role.php on line 32.
 1 APPPATH\Views\basic_management\user_role.php(32): CodeIgniter\Debug\Exceptions->errorHandler(2, 'Undefined variable $user_role', 'APPPATH\\Views\\basic_management\\user_role.php', 32)
 2 SYSTEMPATH\View\View.php(213): include('APPPATH\\Views\\basic_management\\user_role.php')
 3 SYSTEMPATH\View\View.php(216): CodeIgniter\View\View->CodeIgniter\View\{closure}()
 4 SYSTEMPATH\Common.php(1177): CodeIgniter\View\View->render('basic_management/user_role.php', [], true)
 5 APPPATH\Controllers\Management.php(41): view('basic_management/user_role.php')
 6 SYSTEMPATH\CodeIgniter.php(934): App\Controllers\Management->user_role()
 7 SYSTEMPATH\CodeIgniter.php(499): CodeIgniter\CodeIgniter->runController(Object(App\Controllers\Management))
 8 SYSTEMPATH\CodeIgniter.php(368): CodeIgniter\CodeIgniter->handleRequest(null, Object(Config\Cache), false)
 9 FCPATH\index.php(67): CodeIgniter\CodeIgniter->run()
CRITICAL - 2023-02-22 09:30:03 --> Undefined variable $user_role
in APPPATH\Views\basic_management\user_role.php on line 32.
 1 APPPATH\Views\basic_management\user_role.php(32): CodeIgniter\Debug\Exceptions->errorHandler(2, 'Undefined variable $user_role', 'APPPATH\\Views\\basic_management\\user_role.php', 32)
 2 SYSTEMPATH\View\View.php(213): include('APPPATH\\Views\\basic_management\\user_role.php')
 3 SYSTEMPATH\View\View.php(216): CodeIgniter\View\View->CodeIgniter\View\{closure}()
 4 SYSTEMPATH\Common.php(1177): CodeIgniter\View\View->render('basic_management/user_role.php', [], true)
 5 APPPATH\Controllers\Management.php(45): view('basic_management/user_role.php', [...])
 6 SYSTEMPATH\CodeIgniter.php(934): App\Controllers\Management->user_role()
 7 SYSTEMPATH\CodeIgniter.php(499): CodeIgniter\CodeIgniter->runController(Object(App\Controllers\Management))
 8 SYSTEMPATH\CodeIgniter.php(368): CodeIgniter\CodeIgniter->handleRequest(null, Object(Config\Cache), false)
 9 FCPATH\index.php(67): CodeIgniter\CodeIgniter->run()
CRITICAL - 2023-02-22 09:36:19 --> Undefined variable $supplier
in APPPATH\Views\supplier\supplier.php on line 35.
 1 APPPATH\Views\supplier\supplier.php(35): CodeIgniter\Debug\Exceptions->errorHandler(2, 'Undefined variable $supplier', 'APPPATH\\Views\\supplier\\supplier.php', 35)
 2 SYSTEMPATH\View\View.php(213): include('APPPATH\\Views\\supplier\\supplier.php')
 3 SYSTEMPATH\View\View.php(216): CodeIgniter\View\View->CodeIgniter\View\{closure}()
 4 SYSTEMPATH\Common.php(1177): CodeIgniter\View\View->render('supplier/supplier.php', [], true)
 5 APPPATH\Controllers\Supplier.php(15): view('supplier/supplier.php', [...])
 6 SYSTEMPATH\CodeIgniter.php(934): App\Controllers\Supplier->index()
 7 SYSTEMPATH\CodeIgniter.php(499): CodeIgniter\CodeIgniter->runController(Object(App\Controllers\Supplier))
 8 SYSTEMPATH\CodeIgniter.php(368): CodeIgniter\CodeIgniter->handleRequest(null, Object(Config\Cache), false)
 9 FCPATH\index.php(67): CodeIgniter\CodeIgniter->run()
